GNU Make 4.2.1
Built for x86_64-pc-linux-gnu
Copyright (C) 1988-2016 Free Software Foundation, Inc.
License GPLv3+: GNU GPL version 3 or later <http://gnu.org/licenses/gpl.html>
This is free software: you are free to change and redistribute it.
There is NO WARRANTY, to the extent permitted by law.
Reading makefiles...
Reading makefile 'Makefile'...
Updating makefiles....
 Considering target file 'Makefile'.
  Looking for an implicit rule for 'Makefile'.
  Trying pattern rule with stem 'Makefile'.
  Found an implicit rule for 'Makefile'.
  Finished prerequisites of target file 'Makefile'.
 No need to remake target 'Makefile'.
Updating goal targets....
Considering target file 'user_proj_example'.
 File 'user_proj_example' does not exist.
 Finished prerequisites of target file 'user_proj_example'.
Must remake target 'user_proj_example'.
make -C openlane user_proj_example
Putting child 0x556fbb743fc0 (user_proj_example) PID 2765875 on the chain.
Live child 0x556fbb743fc0 (user_proj_example) PID 2765875 
GNU Make 4.2.1
Built for x86_64-pc-linux-gnu
Copyright (C) 1988-2016 Free Software Foundation, Inc.
License GPLv3+: GNU GPL version 3 or later <http://gnu.org/licenses/gpl.html>
This is free software: you are free to change and redistribute it.
There is NO WARRANTY, to the extent permitted by law.
Reading makefiles...
Reading makefile 'Makefile'...
make[1]: Entering directory '/ADATA2T/debug/fsic_0922_AA_1/caravel_user_project/openlane'
Updating makefiles....
 Considering target file 'Makefile'.
  Looking for an implicit rule for 'Makefile'.
  Trying pattern rule with stem 'Makefile'.
  Trying implicit prerequisite 'Makefile.o'.
  Trying pattern rule with stem 'Makefile'.
  Trying implicit prerequisite 'Makefile.c'.
  Trying pattern rule with stem 'Makefile'.
  Trying implicit prerequisite 'Makefile.cc'.
  Trying pattern rule with stem 'Makefile'.
  Trying implicit prerequisite 'Makefile.C'.
  Trying pattern rule with stem 'Makefile'.
  Trying implicit prerequisite 'Makefile.cpp'.
  Trying pattern rule with stem 'Makefile'.
  Trying implicit prerequisite 'Makefile.p'.
  Trying pattern rule with stem 'Makefile'.
  Trying implicit prerequisite 'Makefile.f'.
  Trying pattern rule with stem 'Makefile'.
  Trying implicit prerequisite 'Makefile.F'.
  Trying pattern rule with stem 'Makefile'.
  Trying implicit prerequisite 'Makefile.m'.
  Trying pattern rule with stem 'Makefile'.
  Trying implicit prerequisite 'Makefile.r'.
  Trying pattern rule with stem 'Makefile'.
  Trying implicit prerequisite 'Makefile.s'.
  Trying pattern rule with stem 'Makefile'.
  Trying implicit prerequisite 'Makefile.S'.
  Trying pattern rule with stem 'Makefile'.
  Trying implicit prerequisite 'Makefile.mod'.
  Trying pattern rule with stem 'Makefile'.
  Trying implicit prerequisite 'Makefile.sh'.
  Trying pattern rule with stem 'Makefile'.
  Trying implicit prerequisite 'Makefile,v'.
  Trying pattern rule with stem 'Makefile'.
  Trying implicit prerequisite 'RCS/Makefile,v'.
  Trying pattern rule with stem 'Makefile'.
  Trying implicit prerequisite 'RCS/Makefile'.
  Trying pattern rule with stem 'Makefile'.
  Trying implicit prerequisite 's.Makefile'.
  Trying pattern rule with stem 'Makefile'.
  Trying implicit prerequisite 'SCCS/s.Makefile'.
  Trying pattern rule with stem 'Makefile'.
  Trying implicit prerequisite 'Makefile.o'.
  Looking for a rule with intermediate file 'Makefile.o'.
   Avoiding implicit rule recursion.
   Trying pattern rule with stem 'Makefile'.
   Trying implicit prerequisite 'Makefile.c'.
   Trying pattern rule with stem 'Makefile'.
   Trying implicit prerequisite 'Makefile.cc'.
   Trying pattern rule with stem 'Makefile'.
   Trying implicit prerequisite 'Makefile.C'.
   Trying pattern rule with stem 'Makefile'.
   Trying implicit prerequisite 'Makefile.cpp'.
   Trying pattern rule with stem 'Makefile'.
   Trying implicit prerequisite 'Makefile.p'.
   Trying pattern rule with stem 'Makefile'.
   Trying implicit prerequisite 'Makefile.f'.
   Trying pattern rule with stem 'Makefile'.
   Trying implicit prerequisite 'Makefile.F'.
   Trying pattern rule with stem 'Makefile'.
   Trying implicit prerequisite 'Makefile.m'.
   Trying pattern rule with stem 'Makefile'.
   Trying implicit prerequisite 'Makefile.r'.
   Trying pattern rule with stem 'Makefile'.
   Trying implicit prerequisite 'Makefile.s'.
   Trying pattern rule with stem 'Makefile'.
   Trying implicit prerequisite 'Makefile.S'.
   Trying pattern rule with stem 'Makefile'.
   Trying implicit prerequisite 'Makefile.mod'.
   Trying pattern rule with stem 'Makefile.o'.
   Trying implicit prerequisite 'Makefile.o,v'.
   Trying pattern rule with stem 'Makefile.o'.
   Trying implicit prerequisite 'RCS/Makefile.o,v'.
   Trying pattern rule with stem 'Makefile.o'.
   Trying implicit prerequisite 'RCS/Makefile.o'.
   Trying pattern rule with stem 'Makefile.o'.
   Trying implicit prerequisite 's.Makefile.o'.
   Trying pattern rule with stem 'Makefile.o'.
   Trying implicit prerequisite 'SCCS/s.Makefile.o'.
   Trying pattern rule with stem 'Makefile'.
   Trying implicit prerequisite 'Makefile.c'.
   Looking for a rule with intermediate file 'Makefile.c'.
    Avoiding implicit rule recursion.
    Avoiding implicit rule recursion.
    Trying pattern rule with stem 'Makefile'.
    Trying implicit prerequisite 'Makefile.y'.
    Trying pattern rule with stem 'Makefile'.
    Trying implicit prerequisite 'Makefile.l'.
    Trying pattern rule with stem 'Makefile'.
    Trying implicit prerequisite 'Makefile.w'.
    Trying pattern rule with stem 'Makefile'.
    Trying implicit prerequisite 'Makefile.w'.
    Trying pattern rule with stem 'Makefile.c'.
    Trying implicit prerequisite 'Makefile.c,v'.
    Trying pattern rule with stem 'Makefile.c'.
    Trying implicit prerequisite 'RCS/Makefile.c,v'.
    Trying pattern rule with stem 'Makefile.c'.
    Trying implicit prerequisite 'RCS/Makefile.c'.
    Trying pattern rule with stem 'Makefile.c'.
    Trying implicit prerequisite 's.Makefile.c'.
    Trying pattern rule with stem 'Makefile.c'.
    Trying implicit prerequisite 'SCCS/s.Makefile.c'.
    Trying pattern rule with stem 'Makefile'.
    Trying implicit prerequisite 'Makefile.y'.
    Looking for a rule with intermediate file 'Makefile.y'.
     Avoiding implicit rule recursion.
     Avoiding implicit rule recursion.
     Avoiding implicit rule recursion.
     Trying pattern rule with stem 'Makefile.y'.
     Trying implicit prerequisite 'Makefile.y,v'.
     Trying pattern rule with stem 'Makefile.y'.
     Trying implicit prerequisite 'RCS/Makefile.y,v'.
     Trying pattern rule with stem 'Makefile.y'.
     Trying implicit prerequisite 'RCS/Makefile.y'.
     Trying pattern rule with stem 'Makefile.y'.
     Trying implicit prerequisite 's.Makefile.y'.
     Trying pattern rule with stem 'Makefile.y'.
     Trying implicit prerequisite 'SCCS/s.Makefile.y'.
    Trying pattern rule with stem 'Makefile'.
    Trying implicit prerequisite 'Makefile.l'.
    Looking for a rule with intermediate file 'Makefile.l'.
     Avoiding implicit rule recursion.
     Avoiding implicit rule recursion.
     Avoiding implicit rule recursion.
     Trying pattern rule with stem 'Makefile.l'.
     Trying implicit prerequisite 'Makefile.l,v'.
     Trying pattern rule with stem 'Makefile.l'.
     Trying implicit prerequisite 'RCS/Makefile.l,v'.
     Trying pattern rule with stem 'Makefile.l'.
     Trying implicit prerequisite 'RCS/Makefile.l'.
     Trying pattern rule with stem 'Makefile.l'.
     Trying implicit prerequisite 's.Makefile.l'.
     Trying pattern rule with stem 'Makefile.l'.
     Trying implicit prerequisite 'SCCS/s.Makefile.l'.
    Trying pattern rule with stem 'Makefile'.
    Trying implicit prerequisite 'Makefile.w'.
    Looking for a rule with intermediate file 'Makefile.w'.
     Avoiding implicit rule recursion.
     Avoiding implicit rule recursion.
     Avoiding implicit rule recursion.
     Trying pattern rule with stem 'Makefile.w'.
     Trying implicit prerequisite 'Makefile.w,v'.
     Trying pattern rule with stem 'Makefile.w'.
     Trying implicit prerequisite 'RCS/Makefile.w,v'.
     Trying pattern rule with stem 'Makefile.w'.
     Trying implicit prerequisite 'RCS/Makefile.w'.
     Trying pattern rule with stem 'Makefile.w'.
     Trying implicit prerequisite 's.Makefile.w'.
     Trying pattern rule with stem 'Makefile.w'.
     Trying implicit prerequisite 'SCCS/s.Makefile.w'.
    Trying pattern rule with stem 'Makefile'.
    Rejecting impossible implicit prerequisite 'Makefile.w'.
   Trying pattern rule with stem 'Makefile'.
   Trying implicit prerequisite 'Makefile.cc'.
   Looking for a rule with intermediate file 'Makefile.cc'.
    Avoiding implicit rule recursion.
    Avoiding implicit rule recursion.
    Trying pattern rule with stem 'Makefile.cc'.
    Trying implicit prerequisite 'Makefile.cc,v'.
    Trying pattern rule with stem 'Makefile.cc'.
    Trying implicit prerequisite 'RCS/Makefile.cc,v'.
    Trying pattern rule with stem 'Makefile.cc'.
    Trying implicit prerequisite 'RCS/Makefile.cc'.
    Trying pattern rule with stem 'Makefile.cc'.
    Trying implicit prerequisite 's.Makefile.cc'.
    Trying pattern rule with stem 'Makefile.cc'.
    Trying implicit prerequisite 'SCCS/s.Makefile.cc'.
   Trying pattern rule with stem 'Makefile'.
   Trying implicit prerequisite 'Makefile.C'.
   Looking for a rule with intermediate file 'Makefile.C'.
    Avoiding implicit rule recursion.
    Avoiding implicit rule recursion.
    Trying pattern rule with stem 'Makefile.C'.
    Trying implicit prerequisite 'Makefile.C,v'.
    Trying pattern rule with stem 'Makefile.C'.
    Trying implicit prerequisite 'RCS/Makefile.C,v'.
    Trying pattern rule with stem 'Makefile.C'.
    Trying implicit prerequisite 'RCS/Makefile.C'.
    Trying pattern rule with stem 'Makefile.C'.
    Trying implicit prerequisite 's.Makefile.C'.
    Trying pattern rule with stem 'Makefile.C'.
    Trying implicit prerequisite 'SCCS/s.Makefile.C'.
   Trying pattern rule with stem 'Makefile'.
   Trying implicit prerequisite 'Makefile.cpp'.
   Looking for a rule with intermediate file 'Makefile.cpp'.
    Avoiding implicit rule recursion.
    Avoiding implicit rule recursion.
    Trying pattern rule with stem 'Makefile.cpp'.
    Trying implicit prerequisite 'Makefile.cpp,v'.
    Trying pattern rule with stem 'Makefile.cpp'.
    Trying implicit prerequisite 'RCS/Makefile.cpp,v'.
    Trying pattern rule with stem 'Makefile.cpp'.
    Trying implicit prerequisite 'RCS/Makefile.cpp'.
    Trying pattern rule with stem 'Makefile.cpp'.
    Trying implicit prerequisite 's.Makefile.cpp'.
    Trying pattern rule with stem 'Makefile.cpp'.
    Trying implicit prerequisite 'SCCS/s.Makefile.cpp'.
   Trying pattern rule with stem 'Makefile'.
   Trying implicit prerequisite 'Makefile.p'.
   Looking for a rule with intermediate file 'Makefile.p'.
    Avoiding implicit rule recursion.
    Avoiding implicit rule recursion.
    Trying pattern rule with stem 'Makefile'.
    Trying implicit prerequisite 'Makefile.web'.
    Trying pattern rule with stem 'Makefile.p'.
    Trying implicit prerequisite 'Makefile.p,v'.
    Trying pattern rule with stem 'Makefile.p'.
    Trying implicit prerequisite 'RCS/Makefile.p,v'.
    Trying pattern rule with stem 'Makefile.p'.
    Trying implicit prerequisite 'RCS/Makefile.p'.
    Trying pattern rule with stem 'Makefile.p'.
    Trying implicit prerequisite 's.Makefile.p'.
    Trying pattern rule with stem 'Makefile.p'.
    Trying implicit prerequisite 'SCCS/s.Makefile.p'.
    Trying pattern rule with stem 'Makefile'.
    Trying implicit prerequisite 'Makefile.web'.
    Looking for a rule with intermediate file 'Makefile.web'.
     Avoiding implicit rule recursion.
     Avoiding implicit rule recursion.
     Avoiding implicit rule recursion.
     Trying pattern rule with stem 'Makefile.web'.
     Trying implicit prerequisite 'Makefile.web,v'.
     Trying pattern rule with stem 'Makefile.web'.
     Trying implicit prerequisite 'RCS/Makefile.web,v'.
     Trying pattern rule with stem 'Makefile.web'.
     Trying implicit prerequisite 'RCS/Makefile.web'.
     Trying pattern rule with stem 'Makefile.web'.
     Trying implicit prerequisite 's.Makefile.web'.
     Trying pattern rule with stem 'Makefile.web'.
     Trying implicit prerequisite 'SCCS/s.Makefile.web'.
   Trying pattern rule with stem 'Makefile'.
   Trying implicit prerequisite 'Makefile.f'.
   Looking for a rule with intermediate file 'Makefile.f'.
    Avoiding implicit rule recursion.
    Avoiding implicit rule recursion.
    Trying pattern rule with stem 'Makefile'.
    Trying implicit prerequisite 'Makefile.F'.
    Trying pattern rule with stem 'Makefile'.
    Trying implicit prerequisite 'Makefile.r'.
    Trying pattern rule with stem 'Makefile.f'.
    Trying implicit prerequisite 'Makefile.f,v'.
    Trying pattern rule with stem 'Makefile.f'.
    Trying implicit prerequisite 'RCS/Makefile.f,v'.
    Trying pattern rule with stem 'Makefile.f'.
    Trying implicit prerequisite 'RCS/Makefile.f'.
    Trying pattern rule with stem 'Makefile.f'.
    Trying implicit prerequisite 's.Makefile.f'.
    Trying pattern rule with stem 'Makefile.f'.
    Trying implicit prerequisite 'SCCS/s.Makefile.f'.
    Trying pattern rule with stem 'Makefile'.
    Trying implicit prerequisite 'Makefile.F'.
    Looking for a rule with intermediate file 'Makefile.F'.
     Avoiding implicit rule recursion.
     Avoiding implicit rule recursion.
     Avoiding implicit rule recursion.
     Trying pattern rule with stem 'Makefile.F'.
     Trying implicit prerequisite 'Makefile.F,v'.
     Trying pattern rule with stem 'Makefile.F'.
     Trying implicit prerequisite 'RCS/Makefile.F,v'.
     Trying pattern rule with stem 'Makefile.F'.
     Trying implicit prerequisite 'RCS/Makefile.F'.
     Trying pattern rule with stem 'Makefile.F'.
     Trying implicit prerequisite 's.Makefile.F'.
     Trying pattern rule with stem 'Makefile.F'.
     Trying implicit prerequisite 'SCCS/s.Makefile.F'.
    Trying pattern rule with stem 'Makefile'.
    Trying implicit prerequisite 'Makefile.r'.
    Looking for a rule with intermediate file 'Makefile.r'.
     Avoiding implicit rule recursion.
     Avoiding implicit rule recursion.
     Avoiding implicit rule recursion.
     Trying pattern rule with stem 'Makefile'.
     Rejecting impossible implicit prerequisite 'Makefile.l'.
     Trying pattern rule with stem 'Makefile.r'.
     Trying implicit prerequisite 'Makefile.r,v'.
     Trying pattern rule with stem 'Makefile.r'.
     Trying implicit prerequisite 'RCS/Makefile.r,v'.
     Trying pattern rule with stem 'Makefile.r'.
     Trying implicit prerequisite 'RCS/Makefile.r'.
     Trying pattern rule with stem 'Makefile.r'.
     Trying implicit prerequisite 's.Makefile.r'.
     Trying pattern rule with stem 'Makefile.r'.
     Trying implicit prerequisite 'SCCS/s.Makefile.r'.
   Trying pattern rule with stem 'Makefile'.
   Rejecting impossible implicit prerequisite 'Makefile.F'.
   Trying pattern rule with stem 'Makefile'.
   Trying implicit prerequisite 'Makefile.m'.
   Looking for a rule with intermediate file 'Makefile.m'.
    Avoiding implicit rule recursion.
    Avoiding implicit rule recursion.
    Trying pattern rule with stem 'Makefile'.
    Trying implicit prerequisite 'Makefile.ym'.
    Trying pattern rule with stem 'Makefile.m'.
    Trying implicit prerequisite 'Makefile.m,v'.
    Trying pattern rule with stem 'Makefile.m'.
    Trying implicit prerequisite 'RCS/Makefile.m,v'.
    Trying pattern rule with stem 'Makefile.m'.
    Trying implicit prerequisite 'RCS/Makefile.m'.
    Trying pattern rule with stem 'Makefile.m'.
    Trying implicit prerequisite 's.Makefile.m'.
    Trying pattern rule with stem 'Makefile.m'.
    Trying implicit prerequisite 'SCCS/s.Makefile.m'.
    Trying pattern rule with stem 'Makefile'.
    Trying implicit prerequisite 'Makefile.ym'.
    Looking for a rule with intermediate file 'Makefile.ym'.
     Avoiding implicit rule recursion.
     Avoiding implicit rule recursion.
     Avoiding implicit rule recursion.
     Trying pattern rule with stem 'Makefile.ym'.
     Trying implicit prerequisite 'Makefile.ym,v'.
     Trying pattern rule with stem 'Makefile.ym'.
     Trying implicit prerequisite 'RCS/Makefile.ym,v'.
     Trying pattern rule with stem 'Makefile.ym'.
     Trying implicit prerequisite 'RCS/Makefile.ym'.
     Trying pattern rule with stem 'Makefile.ym'.
     Trying implicit prerequisite 's.Makefile.ym'.
     Trying pattern rule with stem 'Makefile.ym'.
     Trying implicit prerequisite 'SCCS/s.Makefile.ym'.
   Trying pattern rule with stem 'Makefile'.
   Rejecting impossible implicit prerequisite 'Makefile.r'.
   Trying pattern rule with stem 'Makefile'.
   Trying implicit prerequisite 'Makefile.s'.
   Looking for a rule with intermediate file 'Makefile.s'.
    Avoiding implicit rule recursion.
    Avoiding implicit rule recursion.
    Trying pattern rule with stem 'Makefile'.
    Trying implicit prerequisite 'Makefile.S'.
    Trying pattern rule with stem 'Makefile.s'.
    Trying implicit prerequisite 'Makefile.s,v'.
    Trying pattern rule with stem 'Makefile.s'.
    Trying implicit prerequisite 'RCS/Makefile.s,v'.
    Trying pattern rule with stem 'Makefile.s'.
    Trying implicit prerequisite 'RCS/Makefile.s'.
    Trying pattern rule with stem 'Makefile.s'.
    Trying implicit prerequisite 's.Makefile.s'.
    Trying pattern rule with stem 'Makefile.s'.
    Trying implicit prerequisite 'SCCS/s.Makefile.s'.
    Trying pattern rule with stem 'Makefile'.
    Trying implicit prerequisite 'Makefile.S'.
    Looking for a rule with intermediate file 'Makefile.S'.
     Avoiding implicit rule recursion.
     Avoiding implicit rule recursion.
     Avoiding implicit rule recursion.
     Trying pattern rule with stem 'Makefile.S'.
     Trying implicit prerequisite 'Makefile.S,v'.
     Trying pattern rule with stem 'Makefile.S'.
     Trying implicit prerequisite 'RCS/Makefile.S,v'.
     Trying pattern rule with stem 'Makefile.S'.
     Trying implicit prerequisite 'RCS/Makefile.S'.
     Trying pattern rule with stem 'Makefile.S'.
     Trying implicit prerequisite 's.Makefile.S'.
     Trying pattern rule with stem 'Makefile.S'.
     Trying implicit prerequisite 'SCCS/s.Makefile.S'.
   Trying pattern rule with stem 'Makefile'.
   Rejecting impossible implicit prerequisite 'Makefile.S'.
   Trying pattern rule with stem 'Makefile'.
   Trying implicit prerequisite 'Makefile.mod'.
   Looking for a rule with intermediate file 'Makefile.mod'.
    Avoiding implicit rule recursion.
    Avoiding implicit rule recursion.
    Trying pattern rule with stem 'Makefile.mod'.
    Trying implicit prerequisite 'Makefile.mod,v'.
    Trying pattern rule with stem 'Makefile.mod'.
    Trying implicit prerequisite 'RCS/Makefile.mod,v'.
    Trying pattern rule with stem 'Makefile.mod'.
    Trying implicit prerequisite 'RCS/Makefile.mod'.
    Trying pattern rule with stem 'Makefile.mod'.
    Trying implicit prerequisite 's.Makefile.mod'.
    Trying pattern rule with stem 'Makefile.mod'.
    Trying implicit prerequisite 'SCCS/s.Makefile.mod'.
  Trying pattern rule with stem 'Makefile'.
  Rejecting impossible implicit prerequisite 'Makefile.c'.
  Trying pattern rule with stem 'Makefile'.
  Rejecting impossible implicit prerequisite 'Makefile.cc'.
  Trying pattern rule with stem 'Makefile'.
  Rejecting impossible implicit prerequisite 'Makefile.C'.
  Trying pattern rule with stem 'Makefile'.
  Rejecting impossible implicit prerequisite 'Makefile.cpp'.
  Trying pattern rule with stem 'Makefile'.
  Rejecting impossible implicit prerequisite 'Makefile.p'.
  Trying pattern rule with stem 'Makefile'.
  Rejecting impossible implicit prerequisite 'Makefile.f'.
  Trying pattern rule with stem 'Makefile'.
  Rejecting impossible implicit prerequisite 'Makefile.F'.
  Trying pattern rule with stem 'Makefile'.
  Rejecting impossible implicit prerequisite 'Makefile.m'.
  Trying pattern rule with stem 'Makefile'.
  Rejecting impossible implicit prerequisite 'Makefile.r'.
  Trying pattern rule with stem 'Makefile'.
  Rejecting impossible implicit prerequisite 'Makefile.s'.
  Trying pattern rule with stem 'Makefile'.
  Rejecting impossible implicit prerequisite 'Makefile.S'.
  Trying pattern rule with stem 'Makefile'.
  Rejecting impossible implicit prerequisite 'Makefile.mod'.
  Trying pattern rule with stem 'Makefile'.
  Trying implicit prerequisite 'Makefile.sh'.
  Looking for a rule with intermediate file 'Makefile.sh'.
   Avoiding implicit rule recursion.
   Trying pattern rule with stem 'Makefile.sh'.
   Trying implicit prerequisite 'Makefile.sh,v'.
   Trying pattern rule with stem 'Makefile.sh'.
   Trying implicit prerequisite 'RCS/Makefile.sh,v'.
   Trying pattern rule with stem 'Makefile.sh'.
   Trying implicit prerequisite 'RCS/Makefile.sh'.
   Trying pattern rule with stem 'Makefile.sh'.
   Trying implicit prerequisite 's.Makefile.sh'.
   Trying pattern rule with stem 'Makefile.sh'.
   Trying implicit prerequisite 'SCCS/s.Makefile.sh'.
  No implicit rule found for 'Makefile'.
  Finished prerequisites of target file 'Makefile'.
 No need to remake target 'Makefile'.
Updating goal targets....
Considering target file 'user_proj_example'.
 File 'user_proj_example' does not exist.
  Considering target file 'user_proj_example/config.json'.
   Looking for an implicit rule for 'user_proj_example/config.json'.
   Trying pattern rule with stem 'config.json'.
   Trying implicit prerequisite 'user_proj_example/config.json.o'.
   Trying pattern rule with stem 'config.json'.
   Trying implicit prerequisite 'user_proj_example/config.json.c'.
   Trying pattern rule with stem 'config.json'.
   Trying implicit prerequisite 'user_proj_example/config.json.cc'.
   Trying pattern rule with stem 'config.json'.
   Trying implicit prerequisite 'user_proj_example/config.json.C'.
   Trying pattern rule with stem 'config.json'.
   Trying implicit prerequisite 'user_proj_example/config.json.cpp'.
   Trying pattern rule with stem 'config.json'.
   Trying implicit prerequisite 'user_proj_example/config.json.p'.
   Trying pattern rule with stem 'config.json'.
   Trying implicit prerequisite 'user_proj_example/config.json.f'.
   Trying pattern rule with stem 'config.json'.
   Trying implicit prerequisite 'user_proj_example/config.json.F'.
   Trying pattern rule with stem 'config.json'.
   Trying implicit prerequisite 'user_proj_example/config.json.m'.
   Trying pattern rule with stem 'config.json'.
   Trying implicit prerequisite 'user_proj_example/config.json.r'.
   Trying pattern rule with stem 'config.json'.
   Trying implicit prerequisite 'user_proj_example/config.json.s'.
   Trying pattern rule with stem 'config.json'.
   Trying implicit prerequisite 'user_proj_example/config.json.S'.
   Trying pattern rule with stem 'config.json'.
   Trying implicit prerequisite 'user_proj_example/config.json.mod'.
   Trying pattern rule with stem 'config.json'.
   Trying implicit prerequisite 'user_proj_example/config.json.sh'.
   Trying pattern rule with stem 'config.json'.
   Trying implicit prerequisite 'user_proj_example/config.json,v'.
   Trying pattern rule with stem 'config.json'.
   Trying implicit prerequisite 'user_proj_example/RCS/config.json,v'.
   Trying pattern rule with stem 'config.json'.
   Trying implicit prerequisite 'user_proj_example/RCS/config.json'.
   Trying pattern rule with stem 'config.json'.
   Trying implicit prerequisite 'user_proj_example/s.config.json'.
   Trying pattern rule with stem 'config.json'.
   Trying implicit prerequisite 'user_proj_example/SCCS/s.config.json'.
   Trying pattern rule with stem 'config.json'.
   Trying implicit prerequisite 'user_proj_example/config.json.o'.
   Looking for a rule with intermediate file 'user_proj_example/config.json.o'.
    Avoiding implicit rule recursion.
    Trying pattern rule with stem 'config.json'.
    Trying implicit prerequisite 'user_proj_example/config.json.c'.
    Trying pattern rule with stem 'config.json'.
    Trying implicit prerequisite 'user_proj_example/config.json.cc'.
    Trying pattern rule with stem 'config.json'.
    Trying implicit prerequisite 'user_proj_example/config.json.C'.
    Trying pattern rule with stem 'config.json'.
    Trying implicit prerequisite 'user_proj_example/config.json.cpp'.
    Trying pattern rule with stem 'config.json'.
    Trying implicit prerequisite 'user_proj_example/config.json.p'.
    Trying pattern rule with stem 'config.json'.
    Trying implicit prerequisite 'user_proj_example/config.json.f'.
    Trying pattern rule with stem 'config.json'.
    Trying implicit prerequisite 'user_proj_example/config.json.F'.
    Trying pattern rule with stem 'config.json'.
    Trying implicit prerequisite 'user_proj_example/config.json.m'.
    Trying pattern rule with stem 'config.json'.
    Trying implicit prerequisite 'user_proj_example/config.json.r'.
    Trying pattern rule with stem 'config.json'.
    Trying implicit prerequisite 'user_proj_example/config.json.s'.
    Trying pattern rule with stem 'config.json'.
    Trying implicit prerequisite 'user_proj_example/config.json.S'.
    Trying pattern rule with stem 'config.json'.
    Trying implicit prerequisite 'user_proj_example/config.json.mod'.
    Trying pattern rule with stem 'config.json.o'.
    Trying implicit prerequisite 'user_proj_example/config.json.o,v'.
    Trying pattern rule with stem 'config.json.o'.
    Trying implicit prerequisite 'user_proj_example/RCS/config.json.o,v'.
    Trying pattern rule with stem 'config.json.o'.
    Trying implicit prerequisite 'user_proj_example/RCS/config.json.o'.
    Trying pattern rule with stem 'config.json.o'.
    Trying implicit prerequisite 'user_proj_example/s.config.json.o'.
    Trying pattern rule with stem 'config.json.o'.
    Trying implicit prerequisite 'user_proj_example/SCCS/s.config.json.o'.
    Trying pattern rule with stem 'config.json'.
    Trying implicit prerequisite 'user_proj_example/config.json.c'.
    Looking for a rule with intermediate file 'user_proj_example/config.json.c'.
     Avoiding implicit rule recursion.
     Avoiding implicit rule recursion.
     Trying pattern rule with stem 'config.json'.
     Trying implicit prerequisite 'user_proj_example/config.json.y'.
     Trying pattern rule with stem 'config.json'.
     Trying implicit prerequisite 'user_proj_example/config.json.l'.
     Trying pattern rule with stem 'config.json'.
     Trying implicit prerequisite 'user_proj_example/config.json.w'.
     Trying pattern rule with stem 'config.json'.
     Trying implicit prerequisite 'user_proj_example/config.json.w'.
     Trying pattern rule with stem 'config.json.c'.
     Trying implicit prerequisite 'user_proj_example/config.json.c,v'.
     Trying pattern rule with stem 'config.json.c'.
     Trying implicit prerequisite 'user_proj_example/RCS/config.json.c,v'.
     Trying pattern rule with stem 'config.json.c'.
     Trying implicit prerequisite 'user_proj_example/RCS/config.json.c'.
     Trying pattern rule with stem 'config.json.c'.
     Trying implicit prerequisite 'user_proj_example/s.config.json.c'.
     Trying pattern rule with stem 'config.json.c'.
     Trying implicit prerequisite 'user_proj_example/SCCS/s.config.json.c'.
     Trying pattern rule with stem 'config.json'.
     Trying implicit prerequisite 'user_proj_example/config.json.y'.
     Looking for a rule with intermediate file 'user_proj_example/config.json.y'.
      Avoiding implicit rule recursion.
      Avoiding implicit rule recursion.
      Avoiding implicit rule recursion.
      Trying pattern rule with stem 'config.json.y'.
      Trying implicit prerequisite 'user_proj_example/config.json.y,v'.
      Trying pattern rule with stem 'config.json.y'.
      Trying implicit prerequisite 'user_proj_example/RCS/config.json.y,v'.
      Trying pattern rule with stem 'config.json.y'.
      Trying implicit prerequisite 'user_proj_example/RCS/config.json.y'.
      Trying pattern rule with stem 'config.json.y'.
      Trying implicit prerequisite 'user_proj_example/s.config.json.y'.
      Trying pattern rule with stem 'config.json.y'.
      Trying implicit prerequisite 'user_proj_example/SCCS/s.config.json.y'.
     Trying pattern rule with stem 'config.json'.
     Trying implicit prerequisite 'user_proj_example/config.json.l'.
     Looking for a rule with intermediate file 'user_proj_example/config.json.l'.
      Avoiding implicit rule recursion.
      Avoiding implicit rule recursion.
      Avoiding implicit rule recursion.
      Trying pattern rule with stem 'config.json.l'.
      Trying implicit prerequisite 'user_proj_example/config.json.l,v'.
      Trying pattern rule with stem 'config.json.l'.
      Trying implicit prerequisite 'user_proj_example/RCS/config.json.l,v'.
      Trying pattern rule with stem 'config.json.l'.
      Trying implicit prerequisite 'user_proj_example/RCS/config.json.l'.
      Trying pattern rule with stem 'config.json.l'.
      Trying implicit prerequisite 'user_proj_example/s.config.json.l'.
      Trying pattern rule with stem 'config.json.l'.
      Trying implicit prerequisite 'user_proj_example/SCCS/s.config.json.l'.
     Trying pattern rule with stem 'config.json'.
     Trying implicit prerequisite 'user_proj_example/config.json.w'.
     Looking for a rule with intermediate file 'user_proj_example/config.json.w'.
      Avoiding implicit rule recursion.
      Avoiding implicit rule recursion.
      Avoiding implicit rule recursion.
      Trying pattern rule with stem 'config.json.w'.
      Trying implicit prerequisite 'user_proj_example/config.json.w,v'.
      Trying pattern rule with stem 'config.json.w'.
      Trying implicit prerequisite 'user_proj_example/RCS/config.json.w,v'.
      Trying pattern rule with stem 'config.json.w'.
      Trying implicit prerequisite 'user_proj_example/RCS/config.json.w'.
      Trying pattern rule with stem 'config.json.w'.
      Trying implicit prerequisite 'user_proj_example/s.config.json.w'.
      Trying pattern rule with stem 'config.json.w'.
      Trying implicit prerequisite 'user_proj_example/SCCS/s.config.json.w'.
     Trying pattern rule with stem 'config.json'.
     Rejecting impossible implicit prerequisite 'user_proj_example/config.json.w'.
    Trying pattern rule with stem 'config.json'.
    Trying implicit prerequisite 'user_proj_example/config.json.cc'.
    Looking for a rule with intermediate file 'user_proj_example/config.json.cc'.
     Avoiding implicit rule recursion.
     Avoiding implicit rule recursion.
     Trying pattern rule with stem 'config.json.cc'.
     Trying implicit prerequisite 'user_proj_example/config.json.cc,v'.
     Trying pattern rule with stem 'config.json.cc'.
     Trying implicit prerequisite 'user_proj_example/RCS/config.json.cc,v'.
     Trying pattern rule with stem 'config.json.cc'.
     Trying implicit prerequisite 'user_proj_example/RCS/config.json.cc'.
     Trying pattern rule with stem 'config.json.cc'.
     Trying implicit prerequisite 'user_proj_example/s.config.json.cc'.
     Trying pattern rule with stem 'config.json.cc'.
     Trying implicit prerequisite 'user_proj_example/SCCS/s.config.json.cc'.
    Trying pattern rule with stem 'config.json'.
    Trying implicit prerequisite 'user_proj_example/config.json.C'.
    Looking for a rule with intermediate file 'user_proj_example/config.json.C'.
     Avoiding implicit rule recursion.
     Avoiding implicit rule recursion.
     Trying pattern rule with stem 'config.json.C'.
     Trying implicit prerequisite 'user_proj_example/config.json.C,v'.
     Trying pattern rule with stem 'config.json.C'.
     Trying implicit prerequisite 'user_proj_example/RCS/config.json.C,v'.
     Trying pattern rule with stem 'config.json.C'.
     Trying implicit prerequisite 'user_proj_example/RCS/config.json.C'.
     Trying pattern rule with stem 'config.json.C'.
     Trying implicit prerequisite 'user_proj_example/s.config.json.C'.
     Trying pattern rule with stem 'config.json.C'.
     Trying implicit prerequisite 'user_proj_example/SCCS/s.config.json.C'.
    Trying pattern rule with stem 'config.json'.
    Trying implicit prerequisite 'user_proj_example/config.json.cpp'.
    Looking for a rule with intermediate file 'user_proj_example/config.json.cpp'.
     Avoiding implicit rule recursion.
     Avoiding implicit rule recursion.
     Trying pattern rule with stem 'config.json.cpp'.
     Trying implicit prerequisite 'user_proj_example/config.json.cpp,v'.
     Trying pattern rule with stem 'config.json.cpp'.
     Trying implicit prerequisite 'user_proj_example/RCS/config.json.cpp,v'.
     Trying pattern rule with stem 'config.json.cpp'.
     Trying implicit prerequisite 'user_proj_example/RCS/config.json.cpp'.
     Trying pattern rule with stem 'config.json.cpp'.
     Trying implicit prerequisite 'user_proj_example/s.config.json.cpp'.
     Trying pattern rule with stem 'config.json.cpp'.
     Trying implicit prerequisite 'user_proj_example/SCCS/s.config.json.cpp'.
    Trying pattern rule with stem 'config.json'.
    Trying implicit prerequisite 'user_proj_example/config.json.p'.
    Looking for a rule with intermediate file 'user_proj_example/config.json.p'.
     Avoiding implicit rule recursion.
     Avoiding implicit rule recursion.
     Trying pattern rule with stem 'config.json'.
     Trying implicit prerequisite 'user_proj_example/config.json.web'.
     Trying pattern rule with stem 'config.json.p'.
     Trying implicit prerequisite 'user_proj_example/config.json.p,v'.
     Trying pattern rule with stem 'config.json.p'.
     Trying implicit prerequisite 'user_proj_example/RCS/config.json.p,v'.
     Trying pattern rule with stem 'config.json.p'.
     Trying implicit prerequisite 'user_proj_example/RCS/config.json.p'.
     Trying pattern rule with stem 'config.json.p'.
     Trying implicit prerequisite 'user_proj_example/s.config.json.p'.
     Trying pattern rule with stem 'config.json.p'.
     Trying implicit prerequisite 'user_proj_example/SCCS/s.config.json.p'.
     Trying pattern rule with stem 'config.json'.
     Trying implicit prerequisite 'user_proj_example/config.json.web'.
     Looking for a rule with intermediate file 'user_proj_example/config.json.web'.
      Avoiding implicit rule recursion.
      Avoiding implicit rule recursion.
      Avoiding implicit rule recursion.
      Trying pattern rule with stem 'config.json.web'.
      Trying implicit prerequisite 'user_proj_example/config.json.web,v'.
      Trying pattern rule with stem 'config.json.web'.
      Trying implicit prerequisite 'user_proj_example/RCS/config.json.web,v'.
      Trying pattern rule with stem 'config.json.web'.
      Trying implicit prerequisite 'user_proj_example/RCS/config.json.web'.
      Trying pattern rule with stem 'config.json.web'.
      Trying implicit prerequisite 'user_proj_example/s.config.json.web'.
      Trying pattern rule with stem 'config.json.web'.
      Trying implicit prerequisite 'user_proj_example/SCCS/s.config.json.web'.
    Trying pattern rule with stem 'config.json'.
    Trying implicit prerequisite 'user_proj_example/config.json.f'.
    Looking for a rule with intermediate file 'user_proj_example/config.json.f'.
     Avoiding implicit rule recursion.
     Avoiding implicit rule recursion.
     Trying pattern rule with stem 'config.json'.
     Trying implicit prerequisite 'user_proj_example/config.json.F'.
     Trying pattern rule with stem 'config.json'.
     Trying implicit prerequisite 'user_proj_example/config.json.r'.
     Trying pattern rule with stem 'config.json.f'.
     Trying implicit prerequisite 'user_proj_example/config.json.f,v'.
     Trying pattern rule with stem 'config.json.f'.
     Trying implicit prerequisite 'user_proj_example/RCS/config.json.f,v'.
     Trying pattern rule with stem 'config.json.f'.
     Trying implicit prerequisite 'user_proj_example/RCS/config.json.f'.
     Trying pattern rule with stem 'config.json.f'.
     Trying implicit prerequisite 'user_proj_example/s.config.json.f'.
     Trying pattern rule with stem 'config.json.f'.
     Trying implicit prerequisite 'user_proj_example/SCCS/s.config.json.f'.
     Trying pattern rule with stem 'config.json'.
     Trying implicit prerequisite 'user_proj_example/config.json.F'.
     Looking for a rule with intermediate file 'user_proj_example/config.json.F'.
      Avoiding implicit rule recursion.
      Avoiding implicit rule recursion.
      Avoiding implicit rule recursion.
      Trying pattern rule with stem 'config.json.F'.
      Trying implicit prerequisite 'user_proj_example/config.json.F,v'.
      Trying pattern rule with stem 'config.json.F'.
      Trying implicit prerequisite 'user_proj_example/RCS/config.json.F,v'.
      Trying pattern rule with stem 'config.json.F'.
      Trying implicit prerequisite 'user_proj_example/RCS/config.json.F'.
      Trying pattern rule with stem 'config.json.F'.
      Trying implicit prerequisite 'user_proj_example/s.config.json.F'.
      Trying pattern rule with stem 'config.json.F'.
      Trying implicit prerequisite 'user_proj_example/SCCS/s.config.json.F'.
     Trying pattern rule with stem 'config.json'.
     Trying implicit prerequisite 'user_proj_example/config.json.r'.
     Looking for a rule with intermediate file 'user_proj_example/config.json.r'.
      Avoiding implicit rule recursion.
      Avoiding implicit rule recursion.
      Avoiding implicit rule recursion.
      Trying pattern rule with stem 'config.json'.
      Rejecting impossible implicit prerequisite 'user_proj_example/config.json.l'.
      Trying pattern rule with stem 'config.json.r'.
      Trying implicit prerequisite 'user_proj_example/config.json.r,v'.
      Trying pattern rule with stem 'config.json.r'.
      Trying implicit prerequisite 'user_proj_example/RCS/config.json.r,v'.
      Trying pattern rule with stem 'config.json.r'.
      Trying implicit prerequisite 'user_proj_example/RCS/config.json.r'.
      Trying pattern rule with stem 'config.json.r'.
      Trying implicit prerequisite 'user_proj_example/s.config.json.r'.
      Trying pattern rule with stem 'config.json.r'.
      Trying implicit prerequisite 'user_proj_example/SCCS/s.config.json.r'.
    Trying pattern rule with stem 'config.json'.
    Rejecting impossible implicit prerequisite 'user_proj_example/config.json.F'.
    Trying pattern rule with stem 'config.json'.
    Trying implicit prerequisite 'user_proj_example/config.json.m'.
    Looking for a rule with intermediate file 'user_proj_example/config.json.m'.
     Avoiding implicit rule recursion.
     Avoiding implicit rule recursion.
     Trying pattern rule with stem 'config.json'.
     Trying implicit prerequisite 'user_proj_example/config.json.ym'.
     Trying pattern rule with stem 'config.json.m'.
     Trying implicit prerequisite 'user_proj_example/config.json.m,v'.
     Trying pattern rule with stem 'config.json.m'.
     Trying implicit prerequisite 'user_proj_example/RCS/config.json.m,v'.
     Trying pattern rule with stem 'config.json.m'.
     Trying implicit prerequisite 'user_proj_example/RCS/config.json.m'.
     Trying pattern rule with stem 'config.json.m'.
     Trying implicit prerequisite 'user_proj_example/s.config.json.m'.
     Trying pattern rule with stem 'config.json.m'.
     Trying implicit prerequisite 'user_proj_example/SCCS/s.config.json.m'.
     Trying pattern rule with stem 'config.json'.
     Trying implicit prerequisite 'user_proj_example/config.json.ym'.
     Looking for a rule with intermediate file 'user_proj_example/config.json.ym'.
      Avoiding implicit rule recursion.
      Avoiding implicit rule recursion.
      Avoiding implicit rule recursion.
      Trying pattern rule with stem 'config.json.ym'.
      Trying implicit prerequisite 'user_proj_example/config.json.ym,v'.
      Trying pattern rule with stem 'config.json.ym'.
      Trying implicit prerequisite 'user_proj_example/RCS/config.json.ym,v'.
      Trying pattern rule with stem 'config.json.ym'.
      Trying implicit prerequisite 'user_proj_example/RCS/config.json.ym'.
      Trying pattern rule with stem 'config.json.ym'.
      Trying implicit prerequisite 'user_proj_example/s.config.json.ym'.
      Trying pattern rule with stem 'config.json.ym'.
      Trying implicit prerequisite 'user_proj_example/SCCS/s.config.json.ym'.
    Trying pattern rule with stem 'config.json'.
    Rejecting impossible implicit prerequisite 'user_proj_example/config.json.r'.
    Trying pattern rule with stem 'config.json'.
    Trying implicit prerequisite 'user_proj_example/config.json.s'.
    Looking for a rule with intermediate file 'user_proj_example/config.json.s'.
     Avoiding implicit rule recursion.
     Avoiding implicit rule recursion.
     Trying pattern rule with stem 'config.json'.
     Trying implicit prerequisite 'user_proj_example/config.json.S'.
     Trying pattern rule with stem 'config.json.s'.
     Trying implicit prerequisite 'user_proj_example/config.json.s,v'.
     Trying pattern rule with stem 'config.json.s'.
     Trying implicit prerequisite 'user_proj_example/RCS/config.json.s,v'.
     Trying pattern rule with stem 'config.json.s'.
     Trying implicit prerequisite 'user_proj_example/RCS/config.json.s'.
     Trying pattern rule with stem 'config.json.s'.
     Trying implicit prerequisite 'user_proj_example/s.config.json.s'.
     Trying pattern rule with stem 'config.json.s'.
     Trying implicit prerequisite 'user_proj_example/SCCS/s.config.json.s'.
     Trying pattern rule with stem 'config.json'.
     Trying implicit prerequisite 'user_proj_example/config.json.S'.
     Looking for a rule with intermediate file 'user_proj_example/config.json.S'.
      Avoiding implicit rule recursion.
      Avoiding implicit rule recursion.
      Avoiding implicit rule recursion.
      Trying pattern rule with stem 'config.json.S'.
      Trying implicit prerequisite 'user_proj_example/config.json.S,v'.
      Trying pattern rule with stem 'config.json.S'.
      Trying implicit prerequisite 'user_proj_example/RCS/config.json.S,v'.
      Trying pattern rule with stem 'config.json.S'.
      Trying implicit prerequisite 'user_proj_example/RCS/config.json.S'.
      Trying pattern rule with stem 'config.json.S'.
      Trying implicit prerequisite 'user_proj_example/s.config.json.S'.
      Trying pattern rule with stem 'config.json.S'.
      Trying implicit prerequisite 'user_proj_example/SCCS/s.config.json.S'.
    Trying pattern rule with stem 'config.json'.
    Rejecting impossible implicit prerequisite 'user_proj_example/config.json.S'.
    Trying pattern rule with stem 'config.json'.
    Trying implicit prerequisite 'user_proj_example/config.json.mod'.
    Looking for a rule with intermediate file 'user_proj_example/config.json.mod'.
     Avoiding implicit rule recursion.
     Avoiding implicit rule recursion.
     Trying pattern rule with stem 'config.json.mod'.
     Trying implicit prerequisite 'user_proj_example/config.json.mod,v'.
     Trying pattern rule with stem 'config.json.mod'.
     Trying implicit prerequisite 'user_proj_example/RCS/config.json.mod,v'.
     Trying pattern rule with stem 'config.json.mod'.
     Trying implicit prerequisite 'user_proj_example/RCS/config.json.mod'.
     Trying pattern rule with stem 'config.json.mod'.
     Trying implicit prerequisite 'user_proj_example/s.config.json.mod'.
     Trying pattern rule with stem 'config.json.mod'.
     Trying implicit prerequisite 'user_proj_example/SCCS/s.config.json.mod'.
   Trying pattern rule with stem 'config.json'.
   Rejecting impossible implicit prerequisite 'user_proj_example/config.json.c'.
   Trying pattern rule with stem 'config.json'.
   Rejecting impossible implicit prerequisite 'user_proj_example/config.json.cc'.
   Trying pattern rule with stem 'config.json'.
   Rejecting impossible implicit prerequisite 'user_proj_example/config.json.C'.
   Trying pattern rule with stem 'config.json'.
   Rejecting impossible implicit prerequisite 'user_proj_example/config.json.cpp'.
   Trying pattern rule with stem 'config.json'.
   Rejecting impossible implicit prerequisite 'user_proj_example/config.json.p'.
   Trying pattern rule with stem 'config.json'.
   Rejecting impossible implicit prerequisite 'user_proj_example/config.json.f'.
   Trying pattern rule with stem 'config.json'.
   Rejecting impossible implicit prerequisite 'user_proj_example/config.json.F'.
   Trying pattern rule with stem 'config.json'.
   Rejecting impossible implicit prerequisite 'user_proj_example/config.json.m'.
   Trying pattern rule with stem 'config.json'.
   Rejecting impossible implicit prerequisite 'user_proj_example/config.json.r'.
   Trying pattern rule with stem 'config.json'.
   Rejecting impossible implicit prerequisite 'user_proj_example/config.json.s'.
   Trying pattern rule with stem 'config.json'.
   Rejecting impossible implicit prerequisite 'user_proj_example/config.json.S'.
   Trying pattern rule with stem 'config.json'.
   Rejecting impossible implicit prerequisite 'user_proj_example/config.json.mod'.
   Trying pattern rule with stem 'config.json'.
   Trying implicit prerequisite 'user_proj_example/config.json.sh'.
   Looking for a rule with intermediate file 'user_proj_example/config.json.sh'.
    Avoiding implicit rule recursion.
    Trying pattern rule with stem 'config.json.sh'.
    Trying implicit prerequisite 'user_proj_example/config.json.sh,v'.
    Trying pattern rule with stem 'config.json.sh'.
    Trying implicit prerequisite 'user_proj_example/RCS/config.json.sh,v'.
    Trying pattern rule with stem 'config.json.sh'.
    Trying implicit prerequisite 'user_proj_example/RCS/config.json.sh'.
    Trying pattern rule with stem 'config.json.sh'.
    Trying implicit prerequisite 'user_proj_example/s.config.json.sh'.
    Trying pattern rule with stem 'config.json.sh'.
    Trying implicit prerequisite 'user_proj_example/SCCS/s.config.json.sh'.
   No implicit rule found for 'user_proj_example/config.json'.
   Finished prerequisites of target file 'user_proj_example/config.json'.
  No need to remake target 'user_proj_example/config.json'.
 Finished prerequisites of target file 'user_proj_example'.
Must remake target 'user_proj_example'.
# user_proj_example
Putting child 0x55744c380d40 (user_proj_example) PID 2765887 on the chain.
Live child 0x55744c380d40 (user_proj_example) PID 2765887 
Reaping winning child 0x55744c380d40 PID 2765887 
mkdir -p ./user_proj_example/runs/23_09_22_15_48 
Live child 0x55744c380d40 (user_proj_example) PID 2765888 
Reaping winning child 0x55744c380d40 PID 2765888 
rm -rf ./user_proj_example/runs/user_proj_example
Live child 0x55744c380d40 (user_proj_example) PID 2765889 
Reaping winning child 0x55744c380d40 PID 2765889 
ln -s $(realpath ./user_proj_example/runs/23_09_22_15_48) ./user_proj_example/runs/user_proj_example
Live child 0x55744c380d40 (user_proj_example) PID 2765890 
Reaping winning child 0x55744c380d40 PID 2765890 
docker run -it -v $(realpath /ADATA2T/debug/fsic_0922_AA_1/caravel_user_project/..):$(realpath /ADATA2T/debug/fsic_0922_AA_1/caravel_user_project/..) -v /ADATA2T/debug/fsic_0922_AA_1/caravel_user_project/dependencies/pdks:/ADATA2T/debug/fsic_0922_AA_1/caravel_user_project/dependencies/pdks -v /ADATA2T/debug/fsic_0922_AA_1/caravel_user_project/caravel:/ADATA2T/debug/fsic_0922_AA_1/caravel_user_project/caravel -v /ADATA2T/debug/fsic_0922_AA_1/caravel_user_project/dependencies/openlane_src:/openlane -v /ADATA2T/debug/fsic_0922_AA_1/caravel_user_project/mgmt_core_wrapper:/ADATA2T/debug/fsic_0922_AA_1/caravel_user_project/mgmt_core_wrapper -e PDK_ROOT=/ADATA2T/debug/fsic_0922_AA_1/caravel_user_project/dependencies/pdks -e PDK=sky130A -e MISMATCHES_OK=1 -e CARAVEL_ROOT=/ADATA2T/debug/fsic_0922_AA_1/caravel_user_project/caravel -e OPENLANE_RUN_TAG=23_09_22_15_48 -e MCW_ROOT=/ADATA2T/debug/fsic_0922_AA_1/caravel_user_project/mgmt_core_wrapper -u 1000:1000 \
	efabless/openlane:2022.11.19 sh -c "flow.tcl -design $(realpath ./user_proj_example) -save_path $(realpath ..) -save -tag 23_09_22_15_48 -overwrite -ignore_mismatches"
Live child 0x55744c380d40 (user_proj_example) PID 2765892 
OpenLane cb59d1f84deb5cedbb5b0a3e3f3b4129a967c988
All rights reserved. (c) 2020-2022 Efabless Corporation and contributors.
Available under the Apache License, version 2.0. See the LICENSE file for more details.

[33m[WARNING]: OpenLane may not function properly: The version of open_pdks used in building the PDK does not match the version OpenLane was tested on (installed: 0059588eebfc704681dc2368bd1d33d96281d10f, tested: 3af133706e554a740cfe60f21e773d9eaa41838c)
This may introduce some issues. You may want to re-install the PDK by invoking `make pdk`.[39m
[36m[INFO]: Using configuration in '../ADATA2T/debug/fsic_0922_AA_1/caravel_user_project/openlane/user_proj_example/config.json'...[39m
[36m[INFO]: PDK Root: /ADATA2T/debug/fsic_0922_AA_1/caravel_user_project/dependencies/pdks[39m
[36m[INFO]: Process Design Kit: sky130A[39m
[36m[INFO]: Standard Cell Library: sky130_fd_sc_hd[39m
[36m[INFO]: Optimization Standard Cell Library: sky130_fd_sc_hd[39m
[36m[INFO]: Run Directory: /ADATA2T/debug/fsic_0922_AA_1/caravel_user_project/openlane/user_proj_example/runs/23_09_22_15_48[39m
[36m[INFO]: Preparing LEF files for the nom corner...[39m
[36m[INFO]: Preparing LEF files for the min corner...[39m
[36m[INFO]: Preparing LEF files for the max corner...[39m
[STEP 1]
[36m[INFO]: Running Synthesis (log: ../ADATA2T/debug/fsic_0922_AA_1/caravel_user_project/openlane/user_proj_example/runs/23_09_22_15_48/logs/synthesis/1-synthesis.log)...[39m
[STEP 2]
[36m[INFO]: Running Single-Corner Static Timing Analysis (log: ../ADATA2T/debug/fsic_0922_AA_1/caravel_user_project/openlane/user_proj_example/runs/23_09_22_15_48/logs/synthesis/2-sta.log)...[39m
[STEP 3]
[36m[INFO]: Running Initial Floorplanning (log: ../ADATA2T/debug/fsic_0922_AA_1/caravel_user_project/openlane/user_proj_example/runs/23_09_22_15_48/logs/floorplan/3-initial_fp.log)...[39m
[36m[INFO]: Floorplanned with width 888.72 and height 576.64.[39m
[STEP 4]
[36m[INFO]: Running IO Placement (log: ../ADATA2T/debug/fsic_0922_AA_1/caravel_user_project/openlane/user_proj_example/runs/23_09_22_15_48/logs/floorplan/4-place_io.log)...[39m
[STEP 5]
[36m[INFO]: Running Tap/Decap Insertion (log: ../ADATA2T/debug/fsic_0922_AA_1/caravel_user_project/openlane/user_proj_example/runs/23_09_22_15_48/logs/floorplan/5-tap.log)...[39m
[36m[INFO]: Power planning with power {vccd1} and ground {vssd1}...[39m
[STEP 6]
[36m[INFO]: Generating PDN (log: ../ADATA2T/debug/fsic_0922_AA_1/caravel_user_project/openlane/user_proj_example/runs/23_09_22_15_48/logs/floorplan/6-pdn.log)...[39m
[STEP 7]
[36m[INFO]: Running Global Placement (log: ../ADATA2T/debug/fsic_0922_AA_1/caravel_user_project/openlane/user_proj_example/runs/23_09_22_15_48/logs/placement/7-global.log)...[39m
[STEP 8]
[36m[INFO]: Running Placement Resizer Design Optimizations (log: ../ADATA2T/debug/fsic_0922_AA_1/caravel_user_project/openlane/user_proj_example/runs/23_09_22_15_48/logs/placement/8-resizer.log)...[39m
[STEP 9]
[36m[INFO]: Running Detailed Placement (log: ../ADATA2T/debug/fsic_0922_AA_1/caravel_user_project/openlane/user_proj_example/runs/23_09_22_15_48/logs/placement/9-detailed.log)...[39m
[STEP 10]
[36m[INFO]: Running Clock Tree Synthesis (log: ../ADATA2T/debug/fsic_0922_AA_1/caravel_user_project/openlane/user_proj_example/runs/23_09_22_15_48/logs/cts/10-cts.log)...[39m
[STEP 11]
[36m[INFO]: Running Placement Resizer Timing Optimizations (log: ../ADATA2T/debug/fsic_0922_AA_1/caravel_user_project/openlane/user_proj_example/runs/23_09_22_15_48/logs/cts/11-resizer.log)...[39m
[STEP 12]
[36m[INFO]: Running Global Routing Resizer Timing Optimizations (log: ../ADATA2T/debug/fsic_0922_AA_1/caravel_user_project/openlane/user_proj_example/runs/23_09_22_15_48/logs/routing/12-resizer.log)...[39m
[STEP 13]
[36m[INFO]: Running Diode Insertion (log: ../ADATA2T/debug/fsic_0922_AA_1/caravel_user_project/openlane/user_proj_example/runs/23_09_22_15_48/logs/routing/13-diodes.log)...[39m
[STEP 14]
[36m[INFO]: Running Detailed Placement (log: ../ADATA2T/debug/fsic_0922_AA_1/caravel_user_project/openlane/user_proj_example/runs/23_09_22_15_48/logs/routing/14-diode_legalization.log)...[39m
[STEP 15]
[36m[INFO]: Running Fill Insertion (log: ../ADATA2T/debug/fsic_0922_AA_1/caravel_user_project/openlane/user_proj_example/runs/23_09_22_15_48/logs/routing/15-fill.log)...[39m
[STEP 16]
[36m[INFO]: Running Global Routing (log: ../ADATA2T/debug/fsic_0922_AA_1/caravel_user_project/openlane/user_proj_example/runs/23_09_22_15_48/logs/routing/16-global.log)...[39m
[STEP 17]
[36m[INFO]: Writing Verilog (log: ../ADATA2T/debug/fsic_0922_AA_1/caravel_user_project/openlane/user_proj_example/runs/23_09_22_15_48/logs/routing/16-global_write_netlist.log)...[39m
[STEP 18]
[36m[INFO]: Running Detailed Routing (log: ../ADATA2T/debug/fsic_0922_AA_1/caravel_user_project/openlane/user_proj_example/runs/23_09_22_15_48/logs/routing/18-detailed.log)...[39m
[36m[INFO]: No DRC violations after detailed routing.[39m
[STEP 19]
[36m[INFO]: Checking Wire Lengths (log: ../ADATA2T/debug/fsic_0922_AA_1/caravel_user_project/openlane/user_proj_example/runs/23_09_22_15_48/logs/routing/19-wire_lengths.log)...[39m
[STEP 20]
[36m[INFO]: Running SPEF Extraction at the min process corner (log: ../ADATA2T/debug/fsic_0922_AA_1/caravel_user_project/openlane/user_proj_example/runs/23_09_22_15_48/logs/signoff/20-parasitics_extraction.min.log)...[39m
[STEP 21]
[36m[INFO]: Running Multi-Corner Static Timing Analysis at the min process corner (log: ../ADATA2T/debug/fsic_0922_AA_1/caravel_user_project/openlane/user_proj_example/runs/23_09_22_15_48/logs/signoff/21-rcx_mcsta.min.log)...[39m
[STEP 22]
[36m[INFO]: Running SPEF Extraction at the max process corner (log: ../ADATA2T/debug/fsic_0922_AA_1/caravel_user_project/openlane/user_proj_example/runs/23_09_22_15_48/logs/signoff/22-parasitics_extraction.max.log)...[39m
[STEP 23]
[36m[INFO]: Running Multi-Corner Static Timing Analysis at the max process corner (log: ../ADATA2T/debug/fsic_0922_AA_1/caravel_user_project/openlane/user_proj_example/runs/23_09_22_15_48/logs/signoff/23-rcx_mcsta.max.log)...[39m
[STEP 24]
[36m[INFO]: Running SPEF Extraction at the nom process corner (log: ../ADATA2T/debug/fsic_0922_AA_1/caravel_user_project/openlane/user_proj_example/runs/23_09_22_15_48/logs/signoff/24-parasitics_extraction.nom.log)...[39m
[STEP 25]
[36m[INFO]: Running Multi-Corner Static Timing Analysis at the nom process corner (log: ../ADATA2T/debug/fsic_0922_AA_1/caravel_user_project/openlane/user_proj_example/runs/23_09_22_15_48/logs/signoff/25-rcx_mcsta.nom.log)...[39m
[STEP 26]
[36m[INFO]: Running Single-Corner Static Timing Analysis at the nom process corner (log: ../ADATA2T/debug/fsic_0922_AA_1/caravel_user_project/openlane/user_proj_example/runs/23_09_22_15_48/logs/signoff/26-rcx_sta.log)...[39m
[STEP 27]
[36m[INFO]: Creating IR Drop Report (log: ../ADATA2T/debug/fsic_0922_AA_1/caravel_user_project/openlane/user_proj_example/runs/23_09_22_15_48/logs/signoff/27-irdrop.log)...[39m
[STEP 28]
[36m[INFO]: Running Magic to generate various views...[39m
[36m[INFO]: Streaming out GDSII with Magic (log: ../ADATA2T/debug/fsic_0922_AA_1/caravel_user_project/openlane/user_proj_example/runs/23_09_22_15_48/logs/signoff/28-gdsii.log)...[39m
[36m[INFO]: Generating MAGLEF views...[39m
[STEP 29]
[36m[INFO]: Streaming out GDSII with KLayout (log: ../ADATA2T/debug/fsic_0922_AA_1/caravel_user_project/openlane/user_proj_example/runs/23_09_22_15_48/logs/signoff/29-gdsii-klayout.log)...[39m
[STEP 30]
[36m[INFO]: Running XOR on the layouts using KLayout (log: ../ADATA2T/debug/fsic_0922_AA_1/caravel_user_project/openlane/user_proj_example/runs/23_09_22_15_48/logs/signoff/30-xor.log)...[39m
[STEP 31]
[36m[INFO]: Running Magic Spice Export from LEF (log: ../ADATA2T/debug/fsic_0922_AA_1/caravel_user_project/openlane/user_proj_example/runs/23_09_22_15_48/logs/signoff/31-spice.log)...[39m
[STEP 32]
[36m[INFO]: Writing Powered Verilog (logs: ../ADATA2T/debug/fsic_0922_AA_1/caravel_user_project/openlane/user_proj_example/runs/23_09_22_15_48/logs/signoff/32-write_powered_def.log, ../ADATA2T/debug/fsic_0922_AA_1/caravel_user_project/openlane/user_proj_example/runs/23_09_22_15_48/logs/signoff/32-write_powered_verilog.log)...[39m
[STEP 33]
[36m[INFO]: Writing Verilog (log: ../ADATA2T/debug/fsic_0922_AA_1/caravel_user_project/openlane/user_proj_example/runs/23_09_22_15_48/logs/signoff/32-write_powered_verilog.log)...[39m
[STEP 34]
[36m[INFO]: Running LVS (log: ../ADATA2T/debug/fsic_0922_AA_1/caravel_user_project/openlane/user_proj_example/runs/23_09_22_15_48/logs/signoff/34-lvs.lef.log)...[39m
[STEP 35]
[36m[INFO]: Running Magic DRC (log: ../ADATA2T/debug/fsic_0922_AA_1/caravel_user_project/openlane/user_proj_example/runs/23_09_22_15_48/logs/signoff/35-drc.log)...[39m
[36m[INFO]: Converting Magic DRC database to various tool-readable formats...[39m
[36m[INFO]: No DRC violations after GDS streaming out.[39m
[STEP 36]
[36m[INFO]: Running OpenROAD Antenna Rule Checker (log: ../ADATA2T/debug/fsic_0922_AA_1/caravel_user_project/openlane/user_proj_example/runs/23_09_22_15_48/logs/signoff/36-antenna.log)...[39m
[36m[INFO]: Saving current set of views in '../ADATA2T/debug/fsic_0922_AA_1/caravel_user_project/openlane/user_proj_example/runs/23_09_22_15_48/results/final'...[39m
[36m[INFO]: Saving current set of views in '../ADATA2T/debug/fsic_0922_AA_1/caravel_user_project'...[39m
[36m[INFO]: Saving runtime environment...[39m
[36m[INFO]: Generating final set of reports...[39m
[36m[INFO]: Created manufacturability report at '../ADATA2T/debug/fsic_0922_AA_1/caravel_user_project/openlane/user_proj_example/runs/23_09_22_15_48/reports/manufacturability.rpt'.[39m
[36m[INFO]: Created metrics report at '../ADATA2T/debug/fsic_0922_AA_1/caravel_user_project/openlane/user_proj_example/runs/23_09_22_15_48/reports/metrics.csv'.[39m
[33m[WARNING]: There are max slew violations in the design at the typical corner. Please refer to '../ADATA2T/debug/fsic_0922_AA_1/caravel_user_project/openlane/user_proj_example/runs/23_09_22_15_48/reports/signoff/26-rcx_sta.slew.rpt'.[39m
[33m[WARNING]: There are max fanout violations in the design at the typical corner. Please refer to '../ADATA2T/debug/fsic_0922_AA_1/caravel_user_project/openlane/user_proj_example/runs/23_09_22_15_48/reports/signoff/26-rcx_sta.slew.rpt'.[39m
[33m[WARNING]: There are max capacitance violations in the design at the typical corner. Please refer to '../ADATA2T/debug/fsic_0922_AA_1/caravel_user_project/openlane/user_proj_example/runs/23_09_22_15_48/reports/signoff/26-rcx_sta.slew.rpt'.[39m
[31m[ERROR]: There are hold violations in the design at the typical corner. Please refer to '../ADATA2T/debug/fsic_0922_AA_1/caravel_user_project/openlane/user_proj_example/runs/23_09_22_15_48/reports/signoff/26-rcx_sta.min.rpt'.[39m
[36m[INFO]: Saving current set of views in '../ADATA2T/debug/fsic_0922_AA_1/caravel_user_project/openlane/user_proj_example/runs/23_09_22_15_48/results/final'...[39m
[36m[INFO]: Generating final set of reports...[39m
[36m[INFO]: Created manufacturability report at '../ADATA2T/debug/fsic_0922_AA_1/caravel_user_project/openlane/user_proj_example/runs/23_09_22_15_48/reports/manufacturability.rpt'.[39m
[36m[INFO]: Created metrics report at '../ADATA2T/debug/fsic_0922_AA_1/caravel_user_project/openlane/user_proj_example/runs/23_09_22_15_48/reports/metrics.csv'.[39m
[36m[INFO]: Saving runtime environment...[39m
[31m[ERROR]: Flow failed.[39m
[36m[INFO]: The failure may have been because of the following warnings:[39m
[WARNING]: There are max slew violations in the design at the typical corner. Please refer to '../ADATA2T/debug/fsic_0922_AA_1/caravel_user_project/openlane/user_proj_example/runs/23_09_22_15_48/reports/signoff/26-rcx_sta.slew.rpt'.
[WARNING]: There are max fanout violations in the design at the typical corner. Please refer to '../ADATA2T/debug/fsic_0922_AA_1/caravel_user_project/openlane/user_proj_example/runs/23_09_22_15_48/reports/signoff/26-rcx_sta.slew.rpt'.
[WARNING]: There are max capacitance violations in the design at the typical corner. Please refer to '../ADATA2T/debug/fsic_0922_AA_1/caravel_user_project/openlane/user_proj_example/runs/23_09_22_15_48/reports/signoff/26-rcx_sta.slew.rpt'.

Reaping losing child 0x55744c380d40 PID 2765892 
make[1]: *** [Makefile:73: user_proj_example] Error 255
Removing child 0x55744c380d40 PID 2765892 from chain.
make[1]: Leaving directory '/ADATA2T/debug/fsic_0922_AA_1/caravel_user_project/openlane'
Reaping losing child 0x556fbb743fc0 PID 2765875 
make: *** [Makefile:107: user_proj_example] Error 2
Removing child 0x556fbb743fc0 PID 2765875 from chain.
