nohup: ignoring input
+ export MF=/home/tonyho/workspace/debug/1003_merge_verify_rtl_hls05_repo_3
+ MF=/home/tonyho/workspace/debug/1003_merge_verify_rtl_hls05_repo_3
+ export PRECHECK_ROOT=/home/tonyho/workspace/debug/1003_merge_verify_rtl_hls05_repo_3/mpw_precheck
+ PRECHECK_ROOT=/home/tonyho/workspace/debug/1003_merge_verify_rtl_hls05_repo_3/mpw_precheck
+ export LF=/home/tonyho/workspace/debug/1003_merge_verify_rtl_hls05_repo_3/log
+ LF=/home/tonyho/workspace/debug/1003_merge_verify_rtl_hls05_repo_3/log
+ export CLF=/home/tonyho/workspace/debug/1003_merge_verify_rtl_hls05_repo_3/caravel-lab
+ CLF=/home/tonyho/workspace/debug/1003_merge_verify_rtl_hls05_repo_3/caravel-lab
+ export CUPF=/home/tonyho/workspace/debug/1003_merge_verify_rtl_hls05_repo_3/caravel_user_project
+ CUPF=/home/tonyho/workspace/debug/1003_merge_verify_rtl_hls05_repo_3/caravel_user_project
+ '[' '!' -d /home/tonyho/workspace/debug/1003_merge_verify_rtl_hls05_repo_3 ']'
+ cd /home/tonyho/workspace/debug/1003_merge_verify_rtl_hls05_repo_3
+ '[' '!' -d /home/tonyho/workspace/debug/1003_merge_verify_rtl_hls05_repo_3/log ']'
+ '[' -d /home/tonyho/workspace/debug/1003_merge_verify_rtl_hls05_repo_3/caravel-lab ']'
+ echo '/home/tonyho/workspace/debug/1003_merge_verify_rtl_hls05_repo_3/caravel-lab exist, remove it'
/home/tonyho/workspace/debug/1003_merge_verify_rtl_hls05_repo_3/caravel-lab exist, remove it
+ rm -rf /home/tonyho/workspace/debug/1003_merge_verify_rtl_hls05_repo_3/caravel-lab
+ '[' '!' -d /home/tonyho/workspace/debug/1003_merge_verify_rtl_hls05_repo_3/caravel-lab ']'
+ echo '/home/tonyho/workspace/debug/1003_merge_verify_rtl_hls05_repo_3/caravel-lab not exist, git clone it'
/home/tonyho/workspace/debug/1003_merge_verify_rtl_hls05_repo_3/caravel-lab not exist, git clone it
+ git clone -b 1003_merge_verify_rtl_hls05_repo https://github.com/TonyHo722/caravel-lab
Cloning into 'caravel-lab'...
+ '[' '!' -d /home/tonyho/workspace/debug/1003_merge_verify_rtl_hls05_repo_3/caravel_user_project ']'
+ cd /home/tonyho/workspace/debug/1003_merge_verify_rtl_hls05_repo_3/caravel-lab
+ git log -1
+ tee /home/tonyho/workspace/debug/1003_merge_verify_rtl_hls05_repo_3/log/mpw-8c-CLF-git-log.log
commit 0aa344625f4d0c29a1444286ef917e86c7ad3820
Author: tonyho <TonyHo@via.com.tw>
Date:   Thu Oct 5 12:14:35 2023 +0800

    update hls05/run_fsic
    - replace from sw_caravel.v to sw_caravel.v.patch
    - remove make -d verify-system_test111-rtl, due to sw_caravel.v.patch will fail in it.
    - add ls -l for debug
+ cd /home/tonyho/workspace/debug/1003_merge_verify_rtl_hls05_repo_3/caravel_user_project
+ git log -1
+ tee /home/tonyho/workspace/debug/1003_merge_verify_rtl_hls05_repo_3/log/mpw-8c-CUPF-git-log.log
commit a4ecba90bd78c797ab3f4cee61586635d4a33ced
Author: tonyho <TonyHo@via.com.tw>
Date:   Sat Sep 9 11:52:23 2023 +0800

    roll back user_project_wrapper.v for auto_bash script - run for la_test1
+ '[' '!' -d '/home/tonyho/workspace/debug/1003_merge_verify_rtl_hls05_repo_3/caravel_user_project/dependencies]'
./run_fsic: line 52: [: missing `]'
++ pwd
+ export OPENLANE_ROOT=/home/tonyho/workspace/debug/1003_merge_verify_rtl_hls05_repo_3/caravel_user_project/dependencies/openlane_src
+ OPENLANE_ROOT=/home/tonyho/workspace/debug/1003_merge_verify_rtl_hls05_repo_3/caravel_user_project/dependencies/openlane_src
++ pwd
+ export PDK_ROOT=/home/tonyho/workspace/debug/1003_merge_verify_rtl_hls05_repo_3/caravel_user_project/dependencies/pdks
+ PDK_ROOT=/home/tonyho/workspace/debug/1003_merge_verify_rtl_hls05_repo_3/caravel_user_project/dependencies/pdks
+ export PDK=sky130A
+ PDK=sky130A
+ '[' '!' -d /home/tonyho/workspace/debug/1003_merge_verify_rtl_hls05_repo_3/caravel_user_project/caravel ']'
+ cp /home/tonyho/workspace/debug/1003_merge_verify_rtl_hls05_repo_3/caravel-lab/custom_design/fsic/user_proj_example/user_project_wrapper.v /home/tonyho/workspace/debug/1003_merge_verify_rtl_hls05_repo_3/caravel_user_project/verilog/rtl/user_project_wrapper.v
+ cp /home/tonyho/workspace/debug/1003_merge_verify_rtl_hls05_repo_3/caravel-lab/custom_design/fsic/user_proj_example/user_proj_example.v /home/tonyho/workspace/debug/1003_merge_verify_rtl_hls05_repo_3/caravel_user_project/verilog/rtl/user_proj_example.v
+ cp /home/tonyho/workspace/debug/1003_merge_verify_rtl_hls05_repo_3/caravel-lab/custom_design/fsic/user_proj_example/fsic.vo /home/tonyho/workspace/debug/1003_merge_verify_rtl_hls05_repo_3/caravel_user_project/verilog/rtl/fsic.vo
+ cp /home/tonyho/workspace/debug/1003_merge_verify_rtl_hls05_repo_3/caravel-lab/custom_design/fsic/user_proj_example/axilite_master.sv /home/tonyho/workspace/debug/1003_merge_verify_rtl_hls05_repo_3/caravel_user_project/verilog/rtl/axilite_master.sv
+ cp /home/tonyho/workspace/debug/1003_merge_verify_rtl_hls05_repo_3/caravel-lab/custom_design/fsic/user_proj_example/axilite_slave.sv /home/tonyho/workspace/debug/1003_merge_verify_rtl_hls05_repo_3/caravel_user_project/verilog/rtl/axilite_slave.sv
+ cp /home/tonyho/workspace/debug/1003_merge_verify_rtl_hls05_repo_3/caravel-lab/custom_design/fsic/user_proj_example/axis_master.sv /home/tonyho/workspace/debug/1003_merge_verify_rtl_hls05_repo_3/caravel_user_project/verilog/rtl/axis_master.sv
+ cp /home/tonyho/workspace/debug/1003_merge_verify_rtl_hls05_repo_3/caravel-lab/custom_design/fsic/user_proj_example/axis_slave.sv /home/tonyho/workspace/debug/1003_merge_verify_rtl_hls05_repo_3/caravel_user_project/verilog/rtl/axis_slave.sv
+ cp /home/tonyho/workspace/debug/1003_merge_verify_rtl_hls05_repo_3/caravel-lab/custom_design/fsic/user_proj_example/axi_ctrl_logic.sv /home/tonyho/workspace/debug/1003_merge_verify_rtl_hls05_repo_3/caravel_user_project/verilog/rtl/axi_ctrl_logic.sv
+ cp /home/tonyho/workspace/debug/1003_merge_verify_rtl_hls05_repo_3/caravel-lab/custom_design/fsic/user_proj_example/axil_axis.sv /home/tonyho/workspace/debug/1003_merge_verify_rtl_hls05_repo_3/caravel_user_project/verilog/rtl/axil_axis.sv
+ cp /home/tonyho/workspace/debug/1003_merge_verify_rtl_hls05_repo_3/caravel-lab/custom_design/fsic/user_proj_example/sw_caravel.v.patch /home/tonyho/workspace/debug/1003_merge_verify_rtl_hls05_repo_3/caravel_user_project/verilog/rtl/sw_caravel.v
+ cp /home/tonyho/workspace/debug/1003_merge_verify_rtl_hls05_repo_3/caravel-lab/custom_design/fsic/user_proj_example/config_ctrl.v /home/tonyho/workspace/debug/1003_merge_verify_rtl_hls05_repo_3/caravel_user_project/verilog/rtl/config_ctrl.v
+ cp /home/tonyho/workspace/debug/1003_merge_verify_rtl_hls05_repo_3/caravel-lab/custom_design/fsic/user_proj_example/fsic_clkrst.v /home/tonyho/workspace/debug/1003_merge_verify_rtl_hls05_repo_3/caravel_user_project/verilog/rtl/fsic_clkrst.v
+ cp /home/tonyho/workspace/debug/1003_merge_verify_rtl_hls05_repo_3/caravel-lab/custom_design/fsic/user_proj_example/io_serdes.v /home/tonyho/workspace/debug/1003_merge_verify_rtl_hls05_repo_3/caravel_user_project/verilog/rtl/io_serdes.v
+ cp /home/tonyho/workspace/debug/1003_merge_verify_rtl_hls05_repo_3/caravel-lab/custom_design/fsic/user_proj_example/fsic_coreclk_phase_cnt.v /home/tonyho/workspace/debug/1003_merge_verify_rtl_hls05_repo_3/caravel_user_project/verilog/rtl/fsic_coreclk_phase_cnt.v
+ cp /home/tonyho/workspace/debug/1003_merge_verify_rtl_hls05_repo_3/caravel-lab/custom_design/fsic/user_proj_example/fsic_io_serdes_rx.v /home/tonyho/workspace/debug/1003_merge_verify_rtl_hls05_repo_3/caravel_user_project/verilog/rtl/fsic_io_serdes_rx.v
+ cp /home/tonyho/workspace/debug/1003_merge_verify_rtl_hls05_repo_3/caravel-lab/custom_design/fsic/user_proj_example/mprj_io.sv /home/tonyho/workspace/debug/1003_merge_verify_rtl_hls05_repo_3/caravel_user_project/verilog/rtl/mprj_io.sv
+ cp /home/tonyho/workspace/debug/1003_merge_verify_rtl_hls05_repo_3/caravel-lab/custom_design/fsic/user_proj_example/user_subsys.all.v /home/tonyho/workspace/debug/1003_merge_verify_rtl_hls05_repo_3/caravel_user_project/verilog/rtl/user_subsys.all.v
+ cp /home/tonyho/workspace/debug/1003_merge_verify_rtl_hls05_repo_3/caravel-lab/custom_design/fsic/user_proj_example/logic_anlz.dummy_io.vd /home/tonyho/workspace/debug/1003_merge_verify_rtl_hls05_repo_3/caravel_user_project/verilog/rtl/logic_anlz.dummy_io.vd
+ ls -l /home/tonyho/workspace/debug/1003_merge_verify_rtl_hls05_repo_3/caravel_user_project/verilog/rtl
total 252
-rwxrwxr-x 1 tonyho tonyho 32748  十   5 14:10 axi_ctrl_logic.sv
-rwxrwxr-x 1 tonyho tonyho  6515  十   5 14:10 axil_axis.sv
-rwxrwxr-x 1 tonyho tonyho  8001  十   5 14:10 axilite_master.sv
-rwxrwxr-x 1 tonyho tonyho 10832  十   5 14:10 axilite_slave.sv
-rwxrwxr-x 1 tonyho tonyho  3069  十   5 14:10 axis_master.sv
-rwxrwxr-x 1 tonyho tonyho  3332  十   5 14:10 axis_slave.sv
-rw-rw-r-- 1 tonyho tonyho 17995  十   5 14:10 config_ctrl.v
-rw-rw-r-- 1 tonyho tonyho  2235  十   5 12:39 defines.v
-rw-rw-r-- 1 tonyho tonyho  2046  十   5 14:10 fsic_clkrst.v
-rw-rw-r-- 1 tonyho tonyho  2012  十   5 14:10 fsic_coreclk_phase_cnt.v
-rw-rw-r-- 1 tonyho tonyho  4613  十   5 14:10 fsic_io_serdes_rx.v
-rw-rw-r-- 1 tonyho tonyho 38384  十   5 14:10 fsic.vo
-rw-rw-r-- 1 tonyho tonyho 13925  十   5 14:10 io_serdes.v
-rw-rw-r-- 1 tonyho tonyho  1895  十   5 14:10 logic_anlz.dummy_io.vd
-rw-rw-r-- 1 tonyho tonyho  1785  十   5 14:10 mprj_io.sv
-rw-rw-r-- 1 tonyho tonyho  6066  十   5 14:10 sw_caravel.v
-rw-rw-r-- 1 tonyho tonyho  1069  十   5 12:39 uprj_netlists.v
-rw-rw-r-- 1 tonyho tonyho  4211  十   5 12:39 user_defines.v
-rw-rw-r-- 1 tonyho tonyho  3436  十   5 14:10 user_project_wrapper.v
-rw-rw-r-- 1 tonyho tonyho  4159  十   5 14:10 user_proj_example.v
-rw-rw-r-- 1 tonyho tonyho 47284  十   5 14:10 user_subsys.all.v
+ '[' '!' -d /home/tonyho/workspace/debug/1003_merge_verify_rtl_hls05_repo_3/caravel_user_project/verilog/dv/system_test111 ']'
+ cp /home/tonyho/workspace/debug/1003_merge_verify_rtl_hls05_repo_3/caravel-lab/custom_design/fsic/verify-system_test111-rtl/Makefile /home/tonyho/workspace/debug/1003_merge_verify_rtl_hls05_repo_3/caravel_user_project/verilog/dv/system_test111/Makefile
+ cp /home/tonyho/workspace/debug/1003_merge_verify_rtl_hls05_repo_3/caravel-lab/custom_design/fsic/verify-system_test111-rtl/system_test111.c /home/tonyho/workspace/debug/1003_merge_verify_rtl_hls05_repo_3/caravel_user_project/verilog/dv/system_test111/system_test111.c
+ cp /home/tonyho/workspace/debug/1003_merge_verify_rtl_hls05_repo_3/caravel-lab/custom_design/fsic/verify-system_test111-rtl/system_test111_tb.v.patch /home/tonyho/workspace/debug/1003_merge_verify_rtl_hls05_repo_3/caravel_user_project/verilog/dv/system_test111/system_test111_tb.v
+ cp /home/tonyho/workspace/debug/1003_merge_verify_rtl_hls05_repo_3/caravel-lab/custom_design/fsic/verify-system_test111-rtl/bench_ini.svh /home/tonyho/workspace/debug/1003_merge_verify_rtl_hls05_repo_3/caravel_user_project/verilog/dv/system_test111/bench_ini.svh
+ cp /home/tonyho/workspace/debug/1003_merge_verify_rtl_hls05_repo_3/caravel-lab/custom_design/fsic/verify-system_test111-rtl/bench_vec.svh /home/tonyho/workspace/debug/1003_merge_verify_rtl_hls05_repo_3/caravel_user_project/verilog/dv/system_test111/bench_vec.svh
+ cp /home/tonyho/workspace/debug/1003_merge_verify_rtl_hls05_repo_3/caravel-lab/custom_design/fsic/verify-system_test111-rtl/project_define.svh /home/tonyho/workspace/debug/1003_merge_verify_rtl_hls05_repo_3/caravel_user_project/verilog/dv/system_test111/project_define.svh
+ cp /home/tonyho/workspace/debug/1003_merge_verify_rtl_hls05_repo_3/caravel-lab/custom_design/fsic/verify-system_test111-rtl/cpu_trace.v /home/tonyho/workspace/debug/1003_merge_verify_rtl_hls05_repo_3/caravel_user_project/verilog/dv/system_test111/cpu_trace.v
+ cp /home/tonyho/workspace/debug/1003_merge_verify_rtl_hls05_repo_3/caravel-lab/custom_design/fsic/verify-system_test111-rtl/dasm.v /home/tonyho/workspace/debug/1003_merge_verify_rtl_hls05_repo_3/caravel_user_project/verilog/dv/system_test111/dasm.v
+ cp /home/tonyho/workspace/debug/1003_merge_verify_rtl_hls05_repo_3/caravel-lab/custom_design/fsic/verify-system_test111-rtl/fpga.v /home/tonyho/workspace/debug/1003_merge_verify_rtl_hls05_repo_3/caravel_user_project/verilog/dv/system_test111/fpga.v
+ cp /home/tonyho/workspace/debug/1003_merge_verify_rtl_hls05_repo_3/caravel-lab/custom_design/fsic/verify-system_test111-rtl/fsic_clock.v /home/tonyho/workspace/debug/1003_merge_verify_rtl_hls05_repo_3/caravel_user_project/verilog/dv/system_test111/fsic_clock.v
+ cp /home/tonyho/workspace/debug/1003_merge_verify_rtl_hls05_repo_3/caravel-lab/custom_design/fsic/user_proj_example/fsic_coreclk_phase_cnt.v /home/tonyho/workspace/debug/1003_merge_verify_rtl_hls05_repo_3/caravel_user_project/verilog/dv/system_test111/fsic_coreclk_phase_cnt.v
+ cp /home/tonyho/workspace/debug/1003_merge_verify_rtl_hls05_repo_3/caravel-lab/custom_design/fsic/user_proj_example/fsic_io_serdes_rx.v /home/tonyho/workspace/debug/1003_merge_verify_rtl_hls05_repo_3/caravel_user_project/verilog/dv/system_test111/fsic_io_serdes_rx.v
+ cp /home/tonyho/workspace/debug/1003_merge_verify_rtl_hls05_repo_3/caravel-lab/custom_design/fsic/user_proj_example/io_serdes.v /home/tonyho/workspace/debug/1003_merge_verify_rtl_hls05_repo_3/caravel_user_project/verilog/dv/system_test111/io_serdes.v
+ ls -l /home/tonyho/workspace/debug/1003_merge_verify_rtl_hls05_repo_3/caravel_user_project/verilog/dv/system_test111
total 172
-rw-rw-r-- 1 tonyho tonyho     1  十   5 14:10 bench_ini.svh
-rw-rw-r-- 1 tonyho tonyho   307  十   5 14:10 bench_vec.svh
-rw-rw-r-- 1 tonyho tonyho  6451  十   5 14:10 cpu_trace.v
-rw-rw-r-- 1 tonyho tonyho 18274  十   5 14:10 dasm.v
-rw-rw-r-- 1 tonyho tonyho  6891  十   5 14:10 fpga.v
-rw-rw-r-- 1 tonyho tonyho  1591  十   5 14:10 fsic_clock.v
-rw-rw-r-- 1 tonyho tonyho  2012  十   5 14:10 fsic_coreclk_phase_cnt.v
-rw-rw-r-- 1 tonyho tonyho  4613  十   5 14:10 fsic_io_serdes_rx.v
-rw-rw-r-- 1 tonyho tonyho 13925  十   5 14:10 io_serdes.v
-rw-r--r-- 1 tonyho tonyho  9219  十   5 12:42 iverilog.log
-rw-r--r-- 1 tonyho tonyho  3406  十   5 12:42 iverilog-ver.log
-rw-rw-r-- 1 tonyho tonyho   974  十   5 14:10 Makefile
-rw-rw-r-- 1 tonyho tonyho   657  十   5 14:10 project_define.svh
-rw-rw-r-- 1 tonyho tonyho 10636  十   5 14:10 system_test111.c
-rwxr-xr-x 1 tonyho tonyho  4593  十   5 12:42 system_test111.hex
-rwxr-xr-x 1 tonyho tonyho  4593  十   5 12:42 system_test111.hexe
-rw-rw-r-- 1 tonyho tonyho 42858  十   5 14:10 system_test111_tb.v
+ cp /home/tonyho/workspace/debug/1003_merge_verify_rtl_hls05_repo_3/caravel-lab/custom_design/fsic/user_proj_example/includes/includes.rtl.caravel_user_project /home/tonyho/workspace/debug/1003_merge_verify_rtl_hls05_repo_3/caravel_user_project/verilog/includes/includes.rtl.caravel_user_project
+ cp /home/tonyho/workspace/debug/1003_merge_verify_rtl_hls05_repo_3/caravel-lab/custom_design/fsic/user_proj_example/includes/includes.gl.caravel_user_project /home/tonyho/workspace/debug/1003_merge_verify_rtl_hls05_repo_3/caravel_user_project/verilog/includes/includes.gl.caravel_user_project
+ cp /home/tonyho/workspace/debug/1003_merge_verify_rtl_hls05_repo_3/caravel-lab/custom_design/fsic/user_proj_example/includes/includes.gl+sdf.caravel_user_project /home/tonyho/workspace/debug/1003_merge_verify_rtl_hls05_repo_3/caravel_user_project/verilog/includes/includes.gl+sdf.caravel_user_project
+ ls -l /home/tonyho/workspace/debug/1003_merge_verify_rtl_hls05_repo_3/caravel_user_project/verilog/includes
total 12
-rw-rw-r-- 1 tonyho tonyho 152  十   5 14:10 includes.gl.caravel_user_project
-rw-rw-r-- 1 tonyho tonyho 134  十   5 14:10 includes.gl+sdf.caravel_user_project
-rw-rw-r-- 1 tonyho tonyho 938  十   5 14:10 includes.rtl.caravel_user_project
+ rm -f /home/tonyho/workspace/debug/1003_merge_verify_rtl_hls05_repo_3/caravel_user_project/verilog/gl/user_proj_example.nl.v /home/tonyho/workspace/debug/1003_merge_verify_rtl_hls05_repo_3/caravel_user_project/verilog/gl/user_proj_example.v
+ cp /home/tonyho/workspace/debug/1003_merge_verify_rtl_hls05_repo_3/caravel-lab/custom_design/fsic/verify-system_test111-rtl/sim.makefile /home/tonyho/workspace/debug/1003_merge_verify_rtl_hls05_repo_3/caravel_user_project/mgmt_core_wrapper/verilog/dv/make/sim.makefile
+ ls -l /home/tonyho/workspace/debug/1003_merge_verify_rtl_hls05_repo_3/caravel_user_project/mgmt_core_wrapper/verilog/dv/make
total 20
-rw-rw-r-- 1 tonyho tonyho 1238  十   5 12:42 cpu.makefile
-rw-rw-r-- 1 tonyho tonyho 1736  十   5 12:42 env.makefile
-rw-rw-r-- 1 tonyho tonyho 4468  十   5 14:10 sim.makefile
-rw-rw-r-- 1 tonyho tonyho  752  十   5 12:42 var.makefile
+ make -d simenv
+ tee /home/tonyho/workspace/debug/1003_merge_verify_rtl_hls05_repo_3/log/mpw-8c-simenv.log
GNU Make 4.2.1
Built for x86_64-pc-linux-gnu
Copyright (C) 1988-2016 Free Software Foundation, Inc.
License GPLv3+: GNU GPL version 3 or later <http://gnu.org/licenses/gpl.html>
This is free software: you are free to change and redistribute it.
There is NO WARRANTY, to the extent permitted by law.
Reading makefiles...
Reading makefile 'Makefile'...
Updating makefiles....
 Considering target file 'Makefile'.
  Looking for an implicit rule for 'Makefile'.
  Trying pattern rule with stem 'Makefile'.
  Found an implicit rule for 'Makefile'.
  Finished prerequisites of target file 'Makefile'.
 No need to remake target 'Makefile'.
Updating goal targets....
Considering target file 'simenv'.
 File 'simenv' does not exist.
 Finished prerequisites of target file 'simenv'.
Must remake target 'simenv'.
docker pull efabless/dv:latest
Putting child 0x55fbffa30ab0 (simenv) PID 2054116 on the chain.
Live child 0x55fbffa30ab0 (simenv) PID 2054116 
latest: Pulling from efabless/dv
Digest: sha256:06497b070c8578fbbe87170c9f4dfa61c2c9a9d9f665a637c4d822ea98a7f1b7
Status: Image is up to date for efabless/dv:latest
docker.io/efabless/dv:latest
Reaping winning child 0x55fbffa30ab0 PID 2054116 
Removing child 0x55fbffa30ab0 PID 2054116 from chain.
Successfully remade target file 'simenv'.
+ cp /home/tonyho/workspace/debug/1003_merge_verify_rtl_hls05_repo_3/caravel-lab/custom_design/fsic/openlane/user_proj_example/config.json /home/tonyho/workspace/debug/1003_merge_verify_rtl_hls05_repo_3/caravel_user_project/openlane/user_proj_example/config.json
+ cp /home/tonyho/workspace/debug/1003_merge_verify_rtl_hls05_repo_3/caravel-lab/custom_design/fsic/openlane/user_proj_example/pin_order.cfg /home/tonyho/workspace/debug/1003_merge_verify_rtl_hls05_repo_3/caravel_user_project/openlane/user_proj_example/pin_order.cfg
+ ls -l /home/tonyho/workspace/debug/1003_merge_verify_rtl_hls05_repo_3/caravel_user_project/openlane/user_proj_example
total 12
-rw-rw-r-- 1 tonyho tonyho 2015  十   5 14:10 config.json
-rw-rw-r-- 1 tonyho tonyho   67  十   5 14:10 pin_order.cfg
drwxrwxr-x 3 tonyho tonyho 4096  十   5 12:42 runs
+ cp /home/tonyho/workspace/debug/1003_merge_verify_rtl_hls05_repo_3/caravel-lab/custom_design/fsic/openlane/user_project_wrapper/config.json /home/tonyho/workspace/debug/1003_merge_verify_rtl_hls05_repo_3/caravel_user_project/openlane/user_project_wrapper/config.json
+ ls -l /home/tonyho/workspace/debug/1003_merge_verify_rtl_hls05_repo_3/caravel_user_project/openlane/user_project_wrapper
total 16
-rw-rw-r-- 1 tonyho tonyho 3034  十   5 14:10 config.json
drwxrwxr-x 2 tonyho tonyho 4096  十   5 12:39 fixed_dont_change
-rw-rw-r-- 1 tonyho tonyho   17  十   5 12:39 macro.cfg
-rw-rw-r-- 1 tonyho tonyho 1936  十   5 12:39 pin_order.cfg
+ make -d user_proj_example
+ tee /home/tonyho/workspace/debug/1003_merge_verify_rtl_hls05_repo_3/log/mpw-8c-user_proj_example.log
GNU Make 4.2.1
Built for x86_64-pc-linux-gnu
Copyright (C) 1988-2016 Free Software Foundation, Inc.
License GPLv3+: GNU GPL version 3 or later <http://gnu.org/licenses/gpl.html>
This is free software: you are free to change and redistribute it.
There is NO WARRANTY, to the extent permitted by law.
Reading makefiles...
Reading makefile 'Makefile'...
Updating makefiles....
 Considering target file 'Makefile'.
  Looking for an implicit rule for 'Makefile'.
  Trying pattern rule with stem 'Makefile'.
  Found an implicit rule for 'Makefile'.
  Finished prerequisites of target file 'Makefile'.
 No need to remake target 'Makefile'.
Updating goal targets....
Considering target file 'user_proj_example'.
 File 'user_proj_example' does not exist.
 Finished prerequisites of target file 'user_proj_example'.
Must remake target 'user_proj_example'.
make -C openlane user_proj_example
Putting child 0x560643866aa0 (user_proj_example) PID 2054162 on the chain.
Live child 0x560643866aa0 (user_proj_example) PID 2054162 
GNU Make 4.2.1
Built for x86_64-pc-linux-gnu
Copyright (C) 1988-2016 Free Software Foundation, Inc.
License GPLv3+: GNU GPL version 3 or later <http://gnu.org/licenses/gpl.html>
This is free software: you are free to change and redistribute it.
There is NO WARRANTY, to the extent permitted by law.
Reading makefiles...
Reading makefile 'Makefile'...
make[1]: Entering directory '/home/tonyho/workspace/debug/1003_merge_verify_rtl_hls05_repo_3/caravel_user_project/openlane'
Updating makefiles....
 Considering target file 'Makefile'.
  Looking for an implicit rule for 'Makefile'.
  Trying pattern rule with stem 'Makefile'.
  Trying implicit prerequisite 'Makefile.o'.
  Trying pattern rule with stem 'Makefile'.
  Trying implicit prerequisite 'Makefile.c'.
  Trying pattern rule with stem 'Makefile'.
  Trying implicit prerequisite 'Makefile.cc'.
  Trying pattern rule with stem 'Makefile'.
  Trying implicit prerequisite 'Makefile.C'.
  Trying pattern rule with stem 'Makefile'.
  Trying implicit prerequisite 'Makefile.cpp'.
  Trying pattern rule with stem 'Makefile'.
  Trying implicit prerequisite 'Makefile.p'.
  Trying pattern rule with stem 'Makefile'.
  Trying implicit prerequisite 'Makefile.f'.
  Trying pattern rule with stem 'Makefile'.
  Trying implicit prerequisite 'Makefile.F'.
  Trying pattern rule with stem 'Makefile'.
  Trying implicit prerequisite 'Makefile.m'.
  Trying pattern rule with stem 'Makefile'.
  Trying implicit prerequisite 'Makefile.r'.
  Trying pattern rule with stem 'Makefile'.
  Trying implicit prerequisite 'Makefile.s'.
  Trying pattern rule with stem 'Makefile'.
  Trying implicit prerequisite 'Makefile.S'.
  Trying pattern rule with stem 'Makefile'.
  Trying implicit prerequisite 'Makefile.mod'.
  Trying pattern rule with stem 'Makefile'.
  Trying implicit prerequisite 'Makefile.sh'.
  Trying pattern rule with stem 'Makefile'.
  Trying implicit prerequisite 'Makefile,v'.
  Trying pattern rule with stem 'Makefile'.
  Trying implicit prerequisite 'RCS/Makefile,v'.
  Trying pattern rule with stem 'Makefile'.
  Trying implicit prerequisite 'RCS/Makefile'.
  Trying pattern rule with stem 'Makefile'.
  Trying implicit prerequisite 's.Makefile'.
  Trying pattern rule with stem 'Makefile'.
  Trying implicit prerequisite 'SCCS/s.Makefile'.
  Trying pattern rule with stem 'Makefile'.
  Trying implicit prerequisite 'Makefile.o'.
  Looking for a rule with intermediate file 'Makefile.o'.
   Avoiding implicit rule recursion.
   Trying pattern rule with stem 'Makefile'.
   Trying implicit prerequisite 'Makefile.c'.
   Trying pattern rule with stem 'Makefile'.
   Trying implicit prerequisite 'Makefile.cc'.
   Trying pattern rule with stem 'Makefile'.
   Trying implicit prerequisite 'Makefile.C'.
   Trying pattern rule with stem 'Makefile'.
   Trying implicit prerequisite 'Makefile.cpp'.
   Trying pattern rule with stem 'Makefile'.
   Trying implicit prerequisite 'Makefile.p'.
   Trying pattern rule with stem 'Makefile'.
   Trying implicit prerequisite 'Makefile.f'.
   Trying pattern rule with stem 'Makefile'.
   Trying implicit prerequisite 'Makefile.F'.
   Trying pattern rule with stem 'Makefile'.
   Trying implicit prerequisite 'Makefile.m'.
   Trying pattern rule with stem 'Makefile'.
   Trying implicit prerequisite 'Makefile.r'.
   Trying pattern rule with stem 'Makefile'.
   Trying implicit prerequisite 'Makefile.s'.
   Trying pattern rule with stem 'Makefile'.
   Trying implicit prerequisite 'Makefile.S'.
   Trying pattern rule with stem 'Makefile'.
   Trying implicit prerequisite 'Makefile.mod'.
   Trying pattern rule with stem 'Makefile.o'.
   Trying implicit prerequisite 'Makefile.o,v'.
   Trying pattern rule with stem 'Makefile.o'.
   Trying implicit prerequisite 'RCS/Makefile.o,v'.
   Trying pattern rule with stem 'Makefile.o'.
   Trying implicit prerequisite 'RCS/Makefile.o'.
   Trying pattern rule with stem 'Makefile.o'.
   Trying implicit prerequisite 's.Makefile.o'.
   Trying pattern rule with stem 'Makefile.o'.
   Trying implicit prerequisite 'SCCS/s.Makefile.o'.
   Trying pattern rule with stem 'Makefile'.
   Trying implicit prerequisite 'Makefile.c'.
   Looking for a rule with intermediate file 'Makefile.c'.
    Avoiding implicit rule recursion.
    Avoiding implicit rule recursion.
    Trying pattern rule with stem 'Makefile'.
    Trying implicit prerequisite 'Makefile.y'.
    Trying pattern rule with stem 'Makefile'.
    Trying implicit prerequisite 'Makefile.l'.
    Trying pattern rule with stem 'Makefile'.
    Trying implicit prerequisite 'Makefile.w'.
    Trying pattern rule with stem 'Makefile'.
    Trying implicit prerequisite 'Makefile.w'.
    Trying pattern rule with stem 'Makefile.c'.
    Trying implicit prerequisite 'Makefile.c,v'.
    Trying pattern rule with stem 'Makefile.c'.
    Trying implicit prerequisite 'RCS/Makefile.c,v'.
    Trying pattern rule with stem 'Makefile.c'.
    Trying implicit prerequisite 'RCS/Makefile.c'.
    Trying pattern rule with stem 'Makefile.c'.
    Trying implicit prerequisite 's.Makefile.c'.
    Trying pattern rule with stem 'Makefile.c'.
    Trying implicit prerequisite 'SCCS/s.Makefile.c'.
    Trying pattern rule with stem 'Makefile'.
    Trying implicit prerequisite 'Makefile.y'.
    Looking for a rule with intermediate file 'Makefile.y'.
     Avoiding implicit rule recursion.
     Avoiding implicit rule recursion.
     Avoiding implicit rule recursion.
     Trying pattern rule with stem 'Makefile.y'.
     Trying implicit prerequisite 'Makefile.y,v'.
     Trying pattern rule with stem 'Makefile.y'.
     Trying implicit prerequisite 'RCS/Makefile.y,v'.
     Trying pattern rule with stem 'Makefile.y'.
     Trying implicit prerequisite 'RCS/Makefile.y'.
     Trying pattern rule with stem 'Makefile.y'.
     Trying implicit prerequisite 's.Makefile.y'.
     Trying pattern rule with stem 'Makefile.y'.
     Trying implicit prerequisite 'SCCS/s.Makefile.y'.
    Trying pattern rule with stem 'Makefile'.
    Trying implicit prerequisite 'Makefile.l'.
    Looking for a rule with intermediate file 'Makefile.l'.
     Avoiding implicit rule recursion.
     Avoiding implicit rule recursion.
     Avoiding implicit rule recursion.
     Trying pattern rule with stem 'Makefile.l'.
     Trying implicit prerequisite 'Makefile.l,v'.
     Trying pattern rule with stem 'Makefile.l'.
     Trying implicit prerequisite 'RCS/Makefile.l,v'.
     Trying pattern rule with stem 'Makefile.l'.
     Trying implicit prerequisite 'RCS/Makefile.l'.
     Trying pattern rule with stem 'Makefile.l'.
     Trying implicit prerequisite 's.Makefile.l'.
     Trying pattern rule with stem 'Makefile.l'.
     Trying implicit prerequisite 'SCCS/s.Makefile.l'.
    Trying pattern rule with stem 'Makefile'.
    Trying implicit prerequisite 'Makefile.w'.
    Looking for a rule with intermediate file 'Makefile.w'.
     Avoiding implicit rule recursion.
     Avoiding implicit rule recursion.
     Avoiding implicit rule recursion.
     Trying pattern rule with stem 'Makefile.w'.
     Trying implicit prerequisite 'Makefile.w,v'.
     Trying pattern rule with stem 'Makefile.w'.
     Trying implicit prerequisite 'RCS/Makefile.w,v'.
     Trying pattern rule with stem 'Makefile.w'.
     Trying implicit prerequisite 'RCS/Makefile.w'.
     Trying pattern rule with stem 'Makefile.w'.
     Trying implicit prerequisite 's.Makefile.w'.
     Trying pattern rule with stem 'Makefile.w'.
     Trying implicit prerequisite 'SCCS/s.Makefile.w'.
    Trying pattern rule with stem 'Makefile'.
    Rejecting impossible implicit prerequisite 'Makefile.w'.
   Trying pattern rule with stem 'Makefile'.
   Trying implicit prerequisite 'Makefile.cc'.
   Looking for a rule with intermediate file 'Makefile.cc'.
    Avoiding implicit rule recursion.
    Avoiding implicit rule recursion.
    Trying pattern rule with stem 'Makefile.cc'.
    Trying implicit prerequisite 'Makefile.cc,v'.
    Trying pattern rule with stem 'Makefile.cc'.
    Trying implicit prerequisite 'RCS/Makefile.cc,v'.
    Trying pattern rule with stem 'Makefile.cc'.
    Trying implicit prerequisite 'RCS/Makefile.cc'.
    Trying pattern rule with stem 'Makefile.cc'.
    Trying implicit prerequisite 's.Makefile.cc'.
    Trying pattern rule with stem 'Makefile.cc'.
    Trying implicit prerequisite 'SCCS/s.Makefile.cc'.
   Trying pattern rule with stem 'Makefile'.
   Trying implicit prerequisite 'Makefile.C'.
   Looking for a rule with intermediate file 'Makefile.C'.
    Avoiding implicit rule recursion.
    Avoiding implicit rule recursion.
    Trying pattern rule with stem 'Makefile.C'.
    Trying implicit prerequisite 'Makefile.C,v'.
    Trying pattern rule with stem 'Makefile.C'.
    Trying implicit prerequisite 'RCS/Makefile.C,v'.
    Trying pattern rule with stem 'Makefile.C'.
    Trying implicit prerequisite 'RCS/Makefile.C'.
    Trying pattern rule with stem 'Makefile.C'.
    Trying implicit prerequisite 's.Makefile.C'.
    Trying pattern rule with stem 'Makefile.C'.
    Trying implicit prerequisite 'SCCS/s.Makefile.C'.
   Trying pattern rule with stem 'Makefile'.
   Trying implicit prerequisite 'Makefile.cpp'.
   Looking for a rule with intermediate file 'Makefile.cpp'.
    Avoiding implicit rule recursion.
    Avoiding implicit rule recursion.
    Trying pattern rule with stem 'Makefile.cpp'.
    Trying implicit prerequisite 'Makefile.cpp,v'.
    Trying pattern rule with stem 'Makefile.cpp'.
    Trying implicit prerequisite 'RCS/Makefile.cpp,v'.
    Trying pattern rule with stem 'Makefile.cpp'.
    Trying implicit prerequisite 'RCS/Makefile.cpp'.
    Trying pattern rule with stem 'Makefile.cpp'.
    Trying implicit prerequisite 's.Makefile.cpp'.
    Trying pattern rule with stem 'Makefile.cpp'.
    Trying implicit prerequisite 'SCCS/s.Makefile.cpp'.
   Trying pattern rule with stem 'Makefile'.
   Trying implicit prerequisite 'Makefile.p'.
   Looking for a rule with intermediate file 'Makefile.p'.
    Avoiding implicit rule recursion.
    Avoiding implicit rule recursion.
    Trying pattern rule with stem 'Makefile'.
    Trying implicit prerequisite 'Makefile.web'.
    Trying pattern rule with stem 'Makefile.p'.
    Trying implicit prerequisite 'Makefile.p,v'.
    Trying pattern rule with stem 'Makefile.p'.
    Trying implicit prerequisite 'RCS/Makefile.p,v'.
    Trying pattern rule with stem 'Makefile.p'.
    Trying implicit prerequisite 'RCS/Makefile.p'.
    Trying pattern rule with stem 'Makefile.p'.
    Trying implicit prerequisite 's.Makefile.p'.
    Trying pattern rule with stem 'Makefile.p'.
    Trying implicit prerequisite 'SCCS/s.Makefile.p'.
    Trying pattern rule with stem 'Makefile'.
    Trying implicit prerequisite 'Makefile.web'.
    Looking for a rule with intermediate file 'Makefile.web'.
     Avoiding implicit rule recursion.
     Avoiding implicit rule recursion.
     Avoiding implicit rule recursion.
     Trying pattern rule with stem 'Makefile.web'.
     Trying implicit prerequisite 'Makefile.web,v'.
     Trying pattern rule with stem 'Makefile.web'.
     Trying implicit prerequisite 'RCS/Makefile.web,v'.
     Trying pattern rule with stem 'Makefile.web'.
     Trying implicit prerequisite 'RCS/Makefile.web'.
     Trying pattern rule with stem 'Makefile.web'.
     Trying implicit prerequisite 's.Makefile.web'.
     Trying pattern rule with stem 'Makefile.web'.
     Trying implicit prerequisite 'SCCS/s.Makefile.web'.
   Trying pattern rule with stem 'Makefile'.
   Trying implicit prerequisite 'Makefile.f'.
   Looking for a rule with intermediate file 'Makefile.f'.
    Avoiding implicit rule recursion.
    Avoiding implicit rule recursion.
    Trying pattern rule with stem 'Makefile'.
    Trying implicit prerequisite 'Makefile.F'.
    Trying pattern rule with stem 'Makefile'.
    Trying implicit prerequisite 'Makefile.r'.
    Trying pattern rule with stem 'Makefile.f'.
    Trying implicit prerequisite 'Makefile.f,v'.
    Trying pattern rule with stem 'Makefile.f'.
    Trying implicit prerequisite 'RCS/Makefile.f,v'.
    Trying pattern rule with stem 'Makefile.f'.
    Trying implicit prerequisite 'RCS/Makefile.f'.
    Trying pattern rule with stem 'Makefile.f'.
    Trying implicit prerequisite 's.Makefile.f'.
    Trying pattern rule with stem 'Makefile.f'.
    Trying implicit prerequisite 'SCCS/s.Makefile.f'.
    Trying pattern rule with stem 'Makefile'.
    Trying implicit prerequisite 'Makefile.F'.
    Looking for a rule with intermediate file 'Makefile.F'.
     Avoiding implicit rule recursion.
     Avoiding implicit rule recursion.
     Avoiding implicit rule recursion.
     Trying pattern rule with stem 'Makefile.F'.
     Trying implicit prerequisite 'Makefile.F,v'.
     Trying pattern rule with stem 'Makefile.F'.
     Trying implicit prerequisite 'RCS/Makefile.F,v'.
     Trying pattern rule with stem 'Makefile.F'.
     Trying implicit prerequisite 'RCS/Makefile.F'.
     Trying pattern rule with stem 'Makefile.F'.
     Trying implicit prerequisite 's.Makefile.F'.
     Trying pattern rule with stem 'Makefile.F'.
     Trying implicit prerequisite 'SCCS/s.Makefile.F'.
    Trying pattern rule with stem 'Makefile'.
    Trying implicit prerequisite 'Makefile.r'.
    Looking for a rule with intermediate file 'Makefile.r'.
     Avoiding implicit rule recursion.
     Avoiding implicit rule recursion.
     Avoiding implicit rule recursion.
     Trying pattern rule with stem 'Makefile'.
     Rejecting impossible implicit prerequisite 'Makefile.l'.
     Trying pattern rule with stem 'Makefile.r'.
     Trying implicit prerequisite 'Makefile.r,v'.
     Trying pattern rule with stem 'Makefile.r'.
     Trying implicit prerequisite 'RCS/Makefile.r,v'.
     Trying pattern rule with stem 'Makefile.r'.
     Trying implicit prerequisite 'RCS/Makefile.r'.
     Trying pattern rule with stem 'Makefile.r'.
     Trying implicit prerequisite 's.Makefile.r'.
     Trying pattern rule with stem 'Makefile.r'.
     Trying implicit prerequisite 'SCCS/s.Makefile.r'.
   Trying pattern rule with stem 'Makefile'.
   Rejecting impossible implicit prerequisite 'Makefile.F'.
   Trying pattern rule with stem 'Makefile'.
   Trying implicit prerequisite 'Makefile.m'.
   Looking for a rule with intermediate file 'Makefile.m'.
    Avoiding implicit rule recursion.
    Avoiding implicit rule recursion.
    Trying pattern rule with stem 'Makefile'.
    Trying implicit prerequisite 'Makefile.ym'.
    Trying pattern rule with stem 'Makefile.m'.
    Trying implicit prerequisite 'Makefile.m,v'.
    Trying pattern rule with stem 'Makefile.m'.
    Trying implicit prerequisite 'RCS/Makefile.m,v'.
    Trying pattern rule with stem 'Makefile.m'.
    Trying implicit prerequisite 'RCS/Makefile.m'.
    Trying pattern rule with stem 'Makefile.m'.
    Trying implicit prerequisite 's.Makefile.m'.
    Trying pattern rule with stem 'Makefile.m'.
    Trying implicit prerequisite 'SCCS/s.Makefile.m'.
    Trying pattern rule with stem 'Makefile'.
    Trying implicit prerequisite 'Makefile.ym'.
    Looking for a rule with intermediate file 'Makefile.ym'.
     Avoiding implicit rule recursion.
     Avoiding implicit rule recursion.
     Avoiding implicit rule recursion.
     Trying pattern rule with stem 'Makefile.ym'.
     Trying implicit prerequisite 'Makefile.ym,v'.
     Trying pattern rule with stem 'Makefile.ym'.
     Trying implicit prerequisite 'RCS/Makefile.ym,v'.
     Trying pattern rule with stem 'Makefile.ym'.
     Trying implicit prerequisite 'RCS/Makefile.ym'.
     Trying pattern rule with stem 'Makefile.ym'.
     Trying implicit prerequisite 's.Makefile.ym'.
     Trying pattern rule with stem 'Makefile.ym'.
     Trying implicit prerequisite 'SCCS/s.Makefile.ym'.
   Trying pattern rule with stem 'Makefile'.
   Rejecting impossible implicit prerequisite 'Makefile.r'.
   Trying pattern rule with stem 'Makefile'.
   Trying implicit prerequisite 'Makefile.s'.
   Looking for a rule with intermediate file 'Makefile.s'.
    Avoiding implicit rule recursion.
    Avoiding implicit rule recursion.
    Trying pattern rule with stem 'Makefile'.
    Trying implicit prerequisite 'Makefile.S'.
    Trying pattern rule with stem 'Makefile.s'.
    Trying implicit prerequisite 'Makefile.s,v'.
    Trying pattern rule with stem 'Makefile.s'.
    Trying implicit prerequisite 'RCS/Makefile.s,v'.
    Trying pattern rule with stem 'Makefile.s'.
    Trying implicit prerequisite 'RCS/Makefile.s'.
    Trying pattern rule with stem 'Makefile.s'.
    Trying implicit prerequisite 's.Makefile.s'.
    Trying pattern rule with stem 'Makefile.s'.
    Trying implicit prerequisite 'SCCS/s.Makefile.s'.
    Trying pattern rule with stem 'Makefile'.
    Trying implicit prerequisite 'Makefile.S'.
    Looking for a rule with intermediate file 'Makefile.S'.
     Avoiding implicit rule recursion.
     Avoiding implicit rule recursion.
     Avoiding implicit rule recursion.
     Trying pattern rule with stem 'Makefile.S'.
     Trying implicit prerequisite 'Makefile.S,v'.
     Trying pattern rule with stem 'Makefile.S'.
     Trying implicit prerequisite 'RCS/Makefile.S,v'.
     Trying pattern rule with stem 'Makefile.S'.
     Trying implicit prerequisite 'RCS/Makefile.S'.
     Trying pattern rule with stem 'Makefile.S'.
     Trying implicit prerequisite 's.Makefile.S'.
     Trying pattern rule with stem 'Makefile.S'.
     Trying implicit prerequisite 'SCCS/s.Makefile.S'.
   Trying pattern rule with stem 'Makefile'.
   Rejecting impossible implicit prerequisite 'Makefile.S'.
   Trying pattern rule with stem 'Makefile'.
   Trying implicit prerequisite 'Makefile.mod'.
   Looking for a rule with intermediate file 'Makefile.mod'.
    Avoiding implicit rule recursion.
    Avoiding implicit rule recursion.
    Trying pattern rule with stem 'Makefile.mod'.
    Trying implicit prerequisite 'Makefile.mod,v'.
    Trying pattern rule with stem 'Makefile.mod'.
    Trying implicit prerequisite 'RCS/Makefile.mod,v'.
    Trying pattern rule with stem 'Makefile.mod'.
    Trying implicit prerequisite 'RCS/Makefile.mod'.
    Trying pattern rule with stem 'Makefile.mod'.
    Trying implicit prerequisite 's.Makefile.mod'.
    Trying pattern rule with stem 'Makefile.mod'.
    Trying implicit prerequisite 'SCCS/s.Makefile.mod'.
  Trying pattern rule with stem 'Makefile'.
  Rejecting impossible implicit prerequisite 'Makefile.c'.
  Trying pattern rule with stem 'Makefile'.
  Rejecting impossible implicit prerequisite 'Makefile.cc'.
  Trying pattern rule with stem 'Makefile'.
  Rejecting impossible implicit prerequisite 'Makefile.C'.
  Trying pattern rule with stem 'Makefile'.
  Rejecting impossible implicit prerequisite 'Makefile.cpp'.
  Trying pattern rule with stem 'Makefile'.
  Rejecting impossible implicit prerequisite 'Makefile.p'.
  Trying pattern rule with stem 'Makefile'.
  Rejecting impossible implicit prerequisite 'Makefile.f'.
  Trying pattern rule with stem 'Makefile'.
  Rejecting impossible implicit prerequisite 'Makefile.F'.
  Trying pattern rule with stem 'Makefile'.
  Rejecting impossible implicit prerequisite 'Makefile.m'.
  Trying pattern rule with stem 'Makefile'.
  Rejecting impossible implicit prerequisite 'Makefile.r'.
  Trying pattern rule with stem 'Makefile'.
  Rejecting impossible implicit prerequisite 'Makefile.s'.
  Trying pattern rule with stem 'Makefile'.
  Rejecting impossible implicit prerequisite 'Makefile.S'.
  Trying pattern rule with stem 'Makefile'.
  Rejecting impossible implicit prerequisite 'Makefile.mod'.
  Trying pattern rule with stem 'Makefile'.
  Trying implicit prerequisite 'Makefile.sh'.
  Looking for a rule with intermediate file 'Makefile.sh'.
   Avoiding implicit rule recursion.
   Trying pattern rule with stem 'Makefile.sh'.
   Trying implicit prerequisite 'Makefile.sh,v'.
   Trying pattern rule with stem 'Makefile.sh'.
   Trying implicit prerequisite 'RCS/Makefile.sh,v'.
   Trying pattern rule with stem 'Makefile.sh'.
   Trying implicit prerequisite 'RCS/Makefile.sh'.
   Trying pattern rule with stem 'Makefile.sh'.
   Trying implicit prerequisite 's.Makefile.sh'.
   Trying pattern rule with stem 'Makefile.sh'.
   Trying implicit prerequisite 'SCCS/s.Makefile.sh'.
  No implicit rule found for 'Makefile'.
  Finished prerequisites of target file 'Makefile'.
 No need to remake target 'Makefile'.
Updating goal targets....
Considering target file 'user_proj_example'.
 File 'user_proj_example' does not exist.
  Considering target file 'user_proj_example/config.json'.
   Looking for an implicit rule for 'user_proj_example/config.json'.
   Trying pattern rule with stem 'config.json'.
   Trying implicit prerequisite 'user_proj_example/config.json.o'.
   Trying pattern rule with stem 'config.json'.
   Trying implicit prerequisite 'user_proj_example/config.json.c'.
   Trying pattern rule with stem 'config.json'.
   Trying implicit prerequisite 'user_proj_example/config.json.cc'.
   Trying pattern rule with stem 'config.json'.
   Trying implicit prerequisite 'user_proj_example/config.json.C'.
   Trying pattern rule with stem 'config.json'.
   Trying implicit prerequisite 'user_proj_example/config.json.cpp'.
   Trying pattern rule with stem 'config.json'.
   Trying implicit prerequisite 'user_proj_example/config.json.p'.
   Trying pattern rule with stem 'config.json'.
   Trying implicit prerequisite 'user_proj_example/config.json.f'.
   Trying pattern rule with stem 'config.json'.
   Trying implicit prerequisite 'user_proj_example/config.json.F'.
   Trying pattern rule with stem 'config.json'.
   Trying implicit prerequisite 'user_proj_example/config.json.m'.
   Trying pattern rule with stem 'config.json'.
   Trying implicit prerequisite 'user_proj_example/config.json.r'.
   Trying pattern rule with stem 'config.json'.
   Trying implicit prerequisite 'user_proj_example/config.json.s'.
   Trying pattern rule with stem 'config.json'.
   Trying implicit prerequisite 'user_proj_example/config.json.S'.
   Trying pattern rule with stem 'config.json'.
   Trying implicit prerequisite 'user_proj_example/config.json.mod'.
   Trying pattern rule with stem 'config.json'.
   Trying implicit prerequisite 'user_proj_example/config.json.sh'.
   Trying pattern rule with stem 'config.json'.
   Trying implicit prerequisite 'user_proj_example/config.json,v'.
   Trying pattern rule with stem 'config.json'.
   Trying implicit prerequisite 'user_proj_example/RCS/config.json,v'.
   Trying pattern rule with stem 'config.json'.
   Trying implicit prerequisite 'user_proj_example/RCS/config.json'.
   Trying pattern rule with stem 'config.json'.
   Trying implicit prerequisite 'user_proj_example/s.config.json'.
   Trying pattern rule with stem 'config.json'.
   Trying implicit prerequisite 'user_proj_example/SCCS/s.config.json'.
   Trying pattern rule with stem 'config.json'.
   Trying implicit prerequisite 'user_proj_example/config.json.o'.
   Looking for a rule with intermediate file 'user_proj_example/config.json.o'.
    Avoiding implicit rule recursion.
    Trying pattern rule with stem 'config.json'.
    Trying implicit prerequisite 'user_proj_example/config.json.c'.
    Trying pattern rule with stem 'config.json'.
    Trying implicit prerequisite 'user_proj_example/config.json.cc'.
    Trying pattern rule with stem 'config.json'.
    Trying implicit prerequisite 'user_proj_example/config.json.C'.
    Trying pattern rule with stem 'config.json'.
    Trying implicit prerequisite 'user_proj_example/config.json.cpp'.
    Trying pattern rule with stem 'config.json'.
    Trying implicit prerequisite 'user_proj_example/config.json.p'.
    Trying pattern rule with stem 'config.json'.
    Trying implicit prerequisite 'user_proj_example/config.json.f'.
    Trying pattern rule with stem 'config.json'.
    Trying implicit prerequisite 'user_proj_example/config.json.F'.
    Trying pattern rule with stem 'config.json'.
    Trying implicit prerequisite 'user_proj_example/config.json.m'.
    Trying pattern rule with stem 'config.json'.
    Trying implicit prerequisite 'user_proj_example/config.json.r'.
    Trying pattern rule with stem 'config.json'.
    Trying implicit prerequisite 'user_proj_example/config.json.s'.
    Trying pattern rule with stem 'config.json'.
    Trying implicit prerequisite 'user_proj_example/config.json.S'.
    Trying pattern rule with stem 'config.json'.
    Trying implicit prerequisite 'user_proj_example/config.json.mod'.
    Trying pattern rule with stem 'config.json.o'.
    Trying implicit prerequisite 'user_proj_example/config.json.o,v'.
    Trying pattern rule with stem 'config.json.o'.
    Trying implicit prerequisite 'user_proj_example/RCS/config.json.o,v'.
    Trying pattern rule with stem 'config.json.o'.
    Trying implicit prerequisite 'user_proj_example/RCS/config.json.o'.
    Trying pattern rule with stem 'config.json.o'.
    Trying implicit prerequisite 'user_proj_example/s.config.json.o'.
    Trying pattern rule with stem 'config.json.o'.
    Trying implicit prerequisite 'user_proj_example/SCCS/s.config.json.o'.
    Trying pattern rule with stem 'config.json'.
    Trying implicit prerequisite 'user_proj_example/config.json.c'.
    Looking for a rule with intermediate file 'user_proj_example/config.json.c'.
     Avoiding implicit rule recursion.
     Avoiding implicit rule recursion.
     Trying pattern rule with stem 'config.json'.
     Trying implicit prerequisite 'user_proj_example/config.json.y'.
     Trying pattern rule with stem 'config.json'.
     Trying implicit prerequisite 'user_proj_example/config.json.l'.
     Trying pattern rule with stem 'config.json'.
     Trying implicit prerequisite 'user_proj_example/config.json.w'.
     Trying pattern rule with stem 'config.json'.
     Trying implicit prerequisite 'user_proj_example/config.json.w'.
     Trying pattern rule with stem 'config.json.c'.
     Trying implicit prerequisite 'user_proj_example/config.json.c,v'.
     Trying pattern rule with stem 'config.json.c'.
     Trying implicit prerequisite 'user_proj_example/RCS/config.json.c,v'.
     Trying pattern rule with stem 'config.json.c'.
     Trying implicit prerequisite 'user_proj_example/RCS/config.json.c'.
     Trying pattern rule with stem 'config.json.c'.
     Trying implicit prerequisite 'user_proj_example/s.config.json.c'.
     Trying pattern rule with stem 'config.json.c'.
     Trying implicit prerequisite 'user_proj_example/SCCS/s.config.json.c'.
     Trying pattern rule with stem 'config.json'.
     Trying implicit prerequisite 'user_proj_example/config.json.y'.
     Looking for a rule with intermediate file 'user_proj_example/config.json.y'.
      Avoiding implicit rule recursion.
      Avoiding implicit rule recursion.
      Avoiding implicit rule recursion.
      Trying pattern rule with stem 'config.json.y'.
      Trying implicit prerequisite 'user_proj_example/config.json.y,v'.
      Trying pattern rule with stem 'config.json.y'.
      Trying implicit prerequisite 'user_proj_example/RCS/config.json.y,v'.
      Trying pattern rule with stem 'config.json.y'.
      Trying implicit prerequisite 'user_proj_example/RCS/config.json.y'.
      Trying pattern rule with stem 'config.json.y'.
      Trying implicit prerequisite 'user_proj_example/s.config.json.y'.
      Trying pattern rule with stem 'config.json.y'.
      Trying implicit prerequisite 'user_proj_example/SCCS/s.config.json.y'.
     Trying pattern rule with stem 'config.json'.
     Trying implicit prerequisite 'user_proj_example/config.json.l'.
     Looking for a rule with intermediate file 'user_proj_example/config.json.l'.
      Avoiding implicit rule recursion.
      Avoiding implicit rule recursion.
      Avoiding implicit rule recursion.
      Trying pattern rule with stem 'config.json.l'.
      Trying implicit prerequisite 'user_proj_example/config.json.l,v'.
      Trying pattern rule with stem 'config.json.l'.
      Trying implicit prerequisite 'user_proj_example/RCS/config.json.l,v'.
      Trying pattern rule with stem 'config.json.l'.
      Trying implicit prerequisite 'user_proj_example/RCS/config.json.l'.
      Trying pattern rule with stem 'config.json.l'.
      Trying implicit prerequisite 'user_proj_example/s.config.json.l'.
      Trying pattern rule with stem 'config.json.l'.
      Trying implicit prerequisite 'user_proj_example/SCCS/s.config.json.l'.
     Trying pattern rule with stem 'config.json'.
     Trying implicit prerequisite 'user_proj_example/config.json.w'.
     Looking for a rule with intermediate file 'user_proj_example/config.json.w'.
      Avoiding implicit rule recursion.
      Avoiding implicit rule recursion.
      Avoiding implicit rule recursion.
      Trying pattern rule with stem 'config.json.w'.
      Trying implicit prerequisite 'user_proj_example/config.json.w,v'.
      Trying pattern rule with stem 'config.json.w'.
      Trying implicit prerequisite 'user_proj_example/RCS/config.json.w,v'.
      Trying pattern rule with stem 'config.json.w'.
      Trying implicit prerequisite 'user_proj_example/RCS/config.json.w'.
      Trying pattern rule with stem 'config.json.w'.
      Trying implicit prerequisite 'user_proj_example/s.config.json.w'.
      Trying pattern rule with stem 'config.json.w'.
      Trying implicit prerequisite 'user_proj_example/SCCS/s.config.json.w'.
     Trying pattern rule with stem 'config.json'.
     Rejecting impossible implicit prerequisite 'user_proj_example/config.json.w'.
    Trying pattern rule with stem 'config.json'.
    Trying implicit prerequisite 'user_proj_example/config.json.cc'.
    Looking for a rule with intermediate file 'user_proj_example/config.json.cc'.
     Avoiding implicit rule recursion.
     Avoiding implicit rule recursion.
     Trying pattern rule with stem 'config.json.cc'.
     Trying implicit prerequisite 'user_proj_example/config.json.cc,v'.
     Trying pattern rule with stem 'config.json.cc'.
     Trying implicit prerequisite 'user_proj_example/RCS/config.json.cc,v'.
     Trying pattern rule with stem 'config.json.cc'.
     Trying implicit prerequisite 'user_proj_example/RCS/config.json.cc'.
     Trying pattern rule with stem 'config.json.cc'.
     Trying implicit prerequisite 'user_proj_example/s.config.json.cc'.
     Trying pattern rule with stem 'config.json.cc'.
     Trying implicit prerequisite 'user_proj_example/SCCS/s.config.json.cc'.
    Trying pattern rule with stem 'config.json'.
    Trying implicit prerequisite 'user_proj_example/config.json.C'.
    Looking for a rule with intermediate file 'user_proj_example/config.json.C'.
     Avoiding implicit rule recursion.
     Avoiding implicit rule recursion.
     Trying pattern rule with stem 'config.json.C'.
     Trying implicit prerequisite 'user_proj_example/config.json.C,v'.
     Trying pattern rule with stem 'config.json.C'.
     Trying implicit prerequisite 'user_proj_example/RCS/config.json.C,v'.
     Trying pattern rule with stem 'config.json.C'.
     Trying implicit prerequisite 'user_proj_example/RCS/config.json.C'.
     Trying pattern rule with stem 'config.json.C'.
     Trying implicit prerequisite 'user_proj_example/s.config.json.C'.
     Trying pattern rule with stem 'config.json.C'.
     Trying implicit prerequisite 'user_proj_example/SCCS/s.config.json.C'.
    Trying pattern rule with stem 'config.json'.
    Trying implicit prerequisite 'user_proj_example/config.json.cpp'.
    Looking for a rule with intermediate file 'user_proj_example/config.json.cpp'.
     Avoiding implicit rule recursion.
     Avoiding implicit rule recursion.
     Trying pattern rule with stem 'config.json.cpp'.
     Trying implicit prerequisite 'user_proj_example/config.json.cpp,v'.
     Trying pattern rule with stem 'config.json.cpp'.
     Trying implicit prerequisite 'user_proj_example/RCS/config.json.cpp,v'.
     Trying pattern rule with stem 'config.json.cpp'.
     Trying implicit prerequisite 'user_proj_example/RCS/config.json.cpp'.
     Trying pattern rule with stem 'config.json.cpp'.
     Trying implicit prerequisite 'user_proj_example/s.config.json.cpp'.
     Trying pattern rule with stem 'config.json.cpp'.
     Trying implicit prerequisite 'user_proj_example/SCCS/s.config.json.cpp'.
    Trying pattern rule with stem 'config.json'.
    Trying implicit prerequisite 'user_proj_example/config.json.p'.
    Looking for a rule with intermediate file 'user_proj_example/config.json.p'.
     Avoiding implicit rule recursion.
     Avoiding implicit rule recursion.
     Trying pattern rule with stem 'config.json'.
     Trying implicit prerequisite 'user_proj_example/config.json.web'.
     Trying pattern rule with stem 'config.json.p'.
     Trying implicit prerequisite 'user_proj_example/config.json.p,v'.
     Trying pattern rule with stem 'config.json.p'.
     Trying implicit prerequisite 'user_proj_example/RCS/config.json.p,v'.
     Trying pattern rule with stem 'config.json.p'.
     Trying implicit prerequisite 'user_proj_example/RCS/config.json.p'.
     Trying pattern rule with stem 'config.json.p'.
     Trying implicit prerequisite 'user_proj_example/s.config.json.p'.
     Trying pattern rule with stem 'config.json.p'.
     Trying implicit prerequisite 'user_proj_example/SCCS/s.config.json.p'.
     Trying pattern rule with stem 'config.json'.
     Trying implicit prerequisite 'user_proj_example/config.json.web'.
     Looking for a rule with intermediate file 'user_proj_example/config.json.web'.
      Avoiding implicit rule recursion.
      Avoiding implicit rule recursion.
      Avoiding implicit rule recursion.
      Trying pattern rule with stem 'config.json.web'.
      Trying implicit prerequisite 'user_proj_example/config.json.web,v'.
      Trying pattern rule with stem 'config.json.web'.
      Trying implicit prerequisite 'user_proj_example/RCS/config.json.web,v'.
      Trying pattern rule with stem 'config.json.web'.
      Trying implicit prerequisite 'user_proj_example/RCS/config.json.web'.
      Trying pattern rule with stem 'config.json.web'.
      Trying implicit prerequisite 'user_proj_example/s.config.json.web'.
      Trying pattern rule with stem 'config.json.web'.
      Trying implicit prerequisite 'user_proj_example/SCCS/s.config.json.web'.
    Trying pattern rule with stem 'config.json'.
    Trying implicit prerequisite 'user_proj_example/config.json.f'.
    Looking for a rule with intermediate file 'user_proj_example/config.json.f'.
     Avoiding implicit rule recursion.
     Avoiding implicit rule recursion.
     Trying pattern rule with stem 'config.json'.
     Trying implicit prerequisite 'user_proj_example/config.json.F'.
     Trying pattern rule with stem 'config.json'.
     Trying implicit prerequisite 'user_proj_example/config.json.r'.
     Trying pattern rule with stem 'config.json.f'.
     Trying implicit prerequisite 'user_proj_example/config.json.f,v'.
     Trying pattern rule with stem 'config.json.f'.
     Trying implicit prerequisite 'user_proj_example/RCS/config.json.f,v'.
     Trying pattern rule with stem 'config.json.f'.
     Trying implicit prerequisite 'user_proj_example/RCS/config.json.f'.
     Trying pattern rule with stem 'config.json.f'.
     Trying implicit prerequisite 'user_proj_example/s.config.json.f'.
     Trying pattern rule with stem 'config.json.f'.
     Trying implicit prerequisite 'user_proj_example/SCCS/s.config.json.f'.
     Trying pattern rule with stem 'config.json'.
     Trying implicit prerequisite 'user_proj_example/config.json.F'.
     Looking for a rule with intermediate file 'user_proj_example/config.json.F'.
      Avoiding implicit rule recursion.
      Avoiding implicit rule recursion.
      Avoiding implicit rule recursion.
      Trying pattern rule with stem 'config.json.F'.
      Trying implicit prerequisite 'user_proj_example/config.json.F,v'.
      Trying pattern rule with stem 'config.json.F'.
      Trying implicit prerequisite 'user_proj_example/RCS/config.json.F,v'.
      Trying pattern rule with stem 'config.json.F'.
      Trying implicit prerequisite 'user_proj_example/RCS/config.json.F'.
      Trying pattern rule with stem 'config.json.F'.
      Trying implicit prerequisite 'user_proj_example/s.config.json.F'.
      Trying pattern rule with stem 'config.json.F'.
      Trying implicit prerequisite 'user_proj_example/SCCS/s.config.json.F'.
     Trying pattern rule with stem 'config.json'.
     Trying implicit prerequisite 'user_proj_example/config.json.r'.
     Looking for a rule with intermediate file 'user_proj_example/config.json.r'.
      Avoiding implicit rule recursion.
      Avoiding implicit rule recursion.
      Avoiding implicit rule recursion.
      Trying pattern rule with stem 'config.json'.
      Rejecting impossible implicit prerequisite 'user_proj_example/config.json.l'.
      Trying pattern rule with stem 'config.json.r'.
      Trying implicit prerequisite 'user_proj_example/config.json.r,v'.
      Trying pattern rule with stem 'config.json.r'.
      Trying implicit prerequisite 'user_proj_example/RCS/config.json.r,v'.
      Trying pattern rule with stem 'config.json.r'.
      Trying implicit prerequisite 'user_proj_example/RCS/config.json.r'.
      Trying pattern rule with stem 'config.json.r'.
      Trying implicit prerequisite 'user_proj_example/s.config.json.r'.
      Trying pattern rule with stem 'config.json.r'.
      Trying implicit prerequisite 'user_proj_example/SCCS/s.config.json.r'.
    Trying pattern rule with stem 'config.json'.
    Rejecting impossible implicit prerequisite 'user_proj_example/config.json.F'.
    Trying pattern rule with stem 'config.json'.
    Trying implicit prerequisite 'user_proj_example/config.json.m'.
    Looking for a rule with intermediate file 'user_proj_example/config.json.m'.
     Avoiding implicit rule recursion.
     Avoiding implicit rule recursion.
     Trying pattern rule with stem 'config.json'.
     Trying implicit prerequisite 'user_proj_example/config.json.ym'.
     Trying pattern rule with stem 'config.json.m'.
     Trying implicit prerequisite 'user_proj_example/config.json.m,v'.
     Trying pattern rule with stem 'config.json.m'.
     Trying implicit prerequisite 'user_proj_example/RCS/config.json.m,v'.
     Trying pattern rule with stem 'config.json.m'.
     Trying implicit prerequisite 'user_proj_example/RCS/config.json.m'.
     Trying pattern rule with stem 'config.json.m'.
     Trying implicit prerequisite 'user_proj_example/s.config.json.m'.
     Trying pattern rule with stem 'config.json.m'.
     Trying implicit prerequisite 'user_proj_example/SCCS/s.config.json.m'.
     Trying pattern rule with stem 'config.json'.
     Trying implicit prerequisite 'user_proj_example/config.json.ym'.
     Looking for a rule with intermediate file 'user_proj_example/config.json.ym'.
      Avoiding implicit rule recursion.
      Avoiding implicit rule recursion.
      Avoiding implicit rule recursion.
      Trying pattern rule with stem 'config.json.ym'.
      Trying implicit prerequisite 'user_proj_example/config.json.ym,v'.
      Trying pattern rule with stem 'config.json.ym'.
      Trying implicit prerequisite 'user_proj_example/RCS/config.json.ym,v'.
      Trying pattern rule with stem 'config.json.ym'.
      Trying implicit prerequisite 'user_proj_example/RCS/config.json.ym'.
      Trying pattern rule with stem 'config.json.ym'.
      Trying implicit prerequisite 'user_proj_example/s.config.json.ym'.
      Trying pattern rule with stem 'config.json.ym'.
      Trying implicit prerequisite 'user_proj_example/SCCS/s.config.json.ym'.
    Trying pattern rule with stem 'config.json'.
    Rejecting impossible implicit prerequisite 'user_proj_example/config.json.r'.
    Trying pattern rule with stem 'config.json'.
    Trying implicit prerequisite 'user_proj_example/config.json.s'.
    Looking for a rule with intermediate file 'user_proj_example/config.json.s'.
     Avoiding implicit rule recursion.
     Avoiding implicit rule recursion.
     Trying pattern rule with stem 'config.json'.
     Trying implicit prerequisite 'user_proj_example/config.json.S'.
     Trying pattern rule with stem 'config.json.s'.
     Trying implicit prerequisite 'user_proj_example/config.json.s,v'.
     Trying pattern rule with stem 'config.json.s'.
     Trying implicit prerequisite 'user_proj_example/RCS/config.json.s,v'.
     Trying pattern rule with stem 'config.json.s'.
     Trying implicit prerequisite 'user_proj_example/RCS/config.json.s'.
     Trying pattern rule with stem 'config.json.s'.
     Trying implicit prerequisite 'user_proj_example/s.config.json.s'.
     Trying pattern rule with stem 'config.json.s'.
     Trying implicit prerequisite 'user_proj_example/SCCS/s.config.json.s'.
     Trying pattern rule with stem 'config.json'.
     Trying implicit prerequisite 'user_proj_example/config.json.S'.
     Looking for a rule with intermediate file 'user_proj_example/config.json.S'.
      Avoiding implicit rule recursion.
      Avoiding implicit rule recursion.
      Avoiding implicit rule recursion.
      Trying pattern rule with stem 'config.json.S'.
      Trying implicit prerequisite 'user_proj_example/config.json.S,v'.
      Trying pattern rule with stem 'config.json.S'.
      Trying implicit prerequisite 'user_proj_example/RCS/config.json.S,v'.
      Trying pattern rule with stem 'config.json.S'.
      Trying implicit prerequisite 'user_proj_example/RCS/config.json.S'.
      Trying pattern rule with stem 'config.json.S'.
      Trying implicit prerequisite 'user_proj_example/s.config.json.S'.
      Trying pattern rule with stem 'config.json.S'.
      Trying implicit prerequisite 'user_proj_example/SCCS/s.config.json.S'.
    Trying pattern rule with stem 'config.json'.
    Rejecting impossible implicit prerequisite 'user_proj_example/config.json.S'.
    Trying pattern rule with stem 'config.json'.
    Trying implicit prerequisite 'user_proj_example/config.json.mod'.
    Looking for a rule with intermediate file 'user_proj_example/config.json.mod'.
     Avoiding implicit rule recursion.
     Avoiding implicit rule recursion.
     Trying pattern rule with stem 'config.json.mod'.
     Trying implicit prerequisite 'user_proj_example/config.json.mod,v'.
     Trying pattern rule with stem 'config.json.mod'.
     Trying implicit prerequisite 'user_proj_example/RCS/config.json.mod,v'.
     Trying pattern rule with stem 'config.json.mod'.
     Trying implicit prerequisite 'user_proj_example/RCS/config.json.mod'.
     Trying pattern rule with stem 'config.json.mod'.
     Trying implicit prerequisite 'user_proj_example/s.config.json.mod'.
     Trying pattern rule with stem 'config.json.mod'.
     Trying implicit prerequisite 'user_proj_example/SCCS/s.config.json.mod'.
   Trying pattern rule with stem 'config.json'.
   Rejecting impossible implicit prerequisite 'user_proj_example/config.json.c'.
   Trying pattern rule with stem 'config.json'.
   Rejecting impossible implicit prerequisite 'user_proj_example/config.json.cc'.
   Trying pattern rule with stem 'config.json'.
   Rejecting impossible implicit prerequisite 'user_proj_example/config.json.C'.
   Trying pattern rule with stem 'config.json'.
   Rejecting impossible implicit prerequisite 'user_proj_example/config.json.cpp'.
   Trying pattern rule with stem 'config.json'.
   Rejecting impossible implicit prerequisite 'user_proj_example/config.json.p'.
   Trying pattern rule with stem 'config.json'.
   Rejecting impossible implicit prerequisite 'user_proj_example/config.json.f'.
   Trying pattern rule with stem 'config.json'.
   Rejecting impossible implicit prerequisite 'user_proj_example/config.json.F'.
   Trying pattern rule with stem 'config.json'.
   Rejecting impossible implicit prerequisite 'user_proj_example/config.json.m'.
   Trying pattern rule with stem 'config.json'.
   Rejecting impossible implicit prerequisite 'user_proj_example/config.json.r'.
   Trying pattern rule with stem 'config.json'.
   Rejecting impossible implicit prerequisite 'user_proj_example/config.json.s'.
   Trying pattern rule with stem 'config.json'.
   Rejecting impossible implicit prerequisite 'user_proj_example/config.json.S'.
   Trying pattern rule with stem 'config.json'.
   Rejecting impossible implicit prerequisite 'user_proj_example/config.json.mod'.
   Trying pattern rule with stem 'config.json'.
   Trying implicit prerequisite 'user_proj_example/config.json.sh'.
   Looking for a rule with intermediate file 'user_proj_example/config.json.sh'.
    Avoiding implicit rule recursion.
    Trying pattern rule with stem 'config.json.sh'.
    Trying implicit prerequisite 'user_proj_example/config.json.sh,v'.
    Trying pattern rule with stem 'config.json.sh'.
    Trying implicit prerequisite 'user_proj_example/RCS/config.json.sh,v'.
    Trying pattern rule with stem 'config.json.sh'.
    Trying implicit prerequisite 'user_proj_example/RCS/config.json.sh'.
    Trying pattern rule with stem 'config.json.sh'.
    Trying implicit prerequisite 'user_proj_example/s.config.json.sh'.
    Trying pattern rule with stem 'config.json.sh'.
    Trying implicit prerequisite 'user_proj_example/SCCS/s.config.json.sh'.
   No implicit rule found for 'user_proj_example/config.json'.
   Finished prerequisites of target file 'user_proj_example/config.json'.
  No need to remake target 'user_proj_example/config.json'.
 Finished prerequisites of target file 'user_proj_example'.
Must remake target 'user_proj_example'.
# user_proj_example
Putting child 0x5603d5a23610 (user_proj_example) PID 2054174 on the chain.
Live child 0x5603d5a23610 (user_proj_example) PID 2054174 
Reaping winning child 0x5603d5a23610 PID 2054174 
mkdir -p ./user_proj_example/runs/23_10_05_14_10 
Live child 0x5603d5a23610 (user_proj_example) PID 2054175 
Reaping winning child 0x5603d5a23610 PID 2054175 
rm -rf ./user_proj_example/runs/user_proj_example
Live child 0x5603d5a23610 (user_proj_example) PID 2054176 
Reaping winning child 0x5603d5a23610 PID 2054176 
ln -s $(realpath ./user_proj_example/runs/23_10_05_14_10) ./user_proj_example/runs/user_proj_example
Live child 0x5603d5a23610 (user_proj_example) PID 2054177 
Reaping winning child 0x5603d5a23610 PID 2054177 
docker run --rm -v $(realpath /home/tonyho/workspace/debug/1003_merge_verify_rtl_hls05_repo_3/caravel_user_project/..):$(realpath /home/tonyho/workspace/debug/1003_merge_verify_rtl_hls05_repo_3/caravel_user_project/..) -v /home/tonyho/workspace/debug/1003_merge_verify_rtl_hls05_repo_3/caravel_user_project/dependencies/pdks:/home/tonyho/workspace/debug/1003_merge_verify_rtl_hls05_repo_3/caravel_user_project/dependencies/pdks -v /home/tonyho/workspace/debug/1003_merge_verify_rtl_hls05_repo_3/caravel_user_project/caravel:/home/tonyho/workspace/debug/1003_merge_verify_rtl_hls05_repo_3/caravel_user_project/caravel -v /home/tonyho/workspace/debug/1003_merge_verify_rtl_hls05_repo_3/caravel_user_project/dependencies/openlane_src:/openlane -v /home/tonyho/workspace/debug/1003_merge_verify_rtl_hls05_repo_3/caravel_user_project/mgmt_core_wrapper:/home/tonyho/workspace/debug/1003_merge_verify_rtl_hls05_repo_3/caravel_user_project/mgmt_core_wrapper -e PDK_ROOT=/home/tonyho/workspace/debug/1003_merge_verify_rtl_hls05_repo_3/caravel_user_project/dependencies/pdks -e PDK=sky130A -e MISMATCHES_OK=1 -e CARAVEL_ROOT=/home/tonyho/workspace/debug/1003_merge_verify_rtl_hls05_repo_3/caravel_user_project/caravel -e OPENLANE_RUN_TAG=23_10_05_14_10 -e MCW_ROOT=/home/tonyho/workspace/debug/1003_merge_verify_rtl_hls05_repo_3/caravel_user_project/mgmt_core_wrapper -u 1007:1007 \
	efabless/openlane:2022.11.19 sh -c "flow.tcl -design $(realpath ./user_proj_example) -save_path $(realpath ..) -save -tag 23_10_05_14_10 -overwrite -ignore_mismatches"
Live child 0x5603d5a23610 (user_proj_example) PID 2054179 
OpenLane cb59d1f84deb5cedbb5b0a3e3f3b4129a967c988
All rights reserved. (c) 2020-2022 Efabless Corporation and contributors.
Available under the Apache License, version 2.0. See the LICENSE file for more details.

[WARNING]: OpenLane may not function properly: The version of open_pdks used in building the PDK does not match the version OpenLane was tested on (installed: 0059588eebfc704681dc2368bd1d33d96281d10f, tested: 3af133706e554a740cfe60f21e773d9eaa41838c)
This may introduce some issues. You may want to re-install the PDK by invoking `make pdk`.
[INFO]: Using configuration in '../home/tonyho/workspace/debug/1003_merge_verify_rtl_hls05_repo_3/caravel_user_project/openlane/user_proj_example/config.json'...
[INFO]: PDK Root: /home/tonyho/workspace/debug/1003_merge_verify_rtl_hls05_repo_3/caravel_user_project/dependencies/pdks
[INFO]: Process Design Kit: sky130A
[INFO]: Standard Cell Library: sky130_fd_sc_hd
[INFO]: Optimization Standard Cell Library: sky130_fd_sc_hd
[INFO]: Run Directory: /home/tonyho/workspace/debug/1003_merge_verify_rtl_hls05_repo_3/caravel_user_project/openlane/user_proj_example/runs/23_10_05_14_10
[INFO]: Preparing LEF files for the nom corner...
[INFO]: Preparing LEF files for the min corner...
[INFO]: Preparing LEF files for the max corner...
[STEP 1]
[INFO]: Running Synthesis (log: ../home/tonyho/workspace/debug/1003_merge_verify_rtl_hls05_repo_3/caravel_user_project/openlane/user_proj_example/runs/23_10_05_14_10/logs/synthesis/1-synthesis.log)...
[STEP 2]
[INFO]: Running Single-Corner Static Timing Analysis (log: ../home/tonyho/workspace/debug/1003_merge_verify_rtl_hls05_repo_3/caravel_user_project/openlane/user_proj_example/runs/23_10_05_14_10/logs/synthesis/2-sta.log)...
[STEP 3]
[INFO]: Running Initial Floorplanning (log: ../home/tonyho/workspace/debug/1003_merge_verify_rtl_hls05_repo_3/caravel_user_project/openlane/user_proj_example/runs/23_10_05_14_10/logs/floorplan/3-initial_fp.log)...
[INFO]: Floorplanned with width 888.72 and height 576.64.
[STEP 4]
[INFO]: Running IO Placement (log: ../home/tonyho/workspace/debug/1003_merge_verify_rtl_hls05_repo_3/caravel_user_project/openlane/user_proj_example/runs/23_10_05_14_10/logs/floorplan/4-place_io.log)...
[STEP 5]
[INFO]: Running Tap/Decap Insertion (log: ../home/tonyho/workspace/debug/1003_merge_verify_rtl_hls05_repo_3/caravel_user_project/openlane/user_proj_example/runs/23_10_05_14_10/logs/floorplan/5-tap.log)...
[INFO]: Power planning with power {vccd1} and ground {vssd1}...
[STEP 6]
[INFO]: Generating PDN (log: ../home/tonyho/workspace/debug/1003_merge_verify_rtl_hls05_repo_3/caravel_user_project/openlane/user_proj_example/runs/23_10_05_14_10/logs/floorplan/6-pdn.log)...
[STEP 7]
[INFO]: Running Global Placement (log: ../home/tonyho/workspace/debug/1003_merge_verify_rtl_hls05_repo_3/caravel_user_project/openlane/user_proj_example/runs/23_10_05_14_10/logs/placement/7-global.log)...
[STEP 8]
[INFO]: Running Placement Resizer Design Optimizations (log: ../home/tonyho/workspace/debug/1003_merge_verify_rtl_hls05_repo_3/caravel_user_project/openlane/user_proj_example/runs/23_10_05_14_10/logs/placement/8-resizer.log)...
[STEP 9]
[INFO]: Running Detailed Placement (log: ../home/tonyho/workspace/debug/1003_merge_verify_rtl_hls05_repo_3/caravel_user_project/openlane/user_proj_example/runs/23_10_05_14_10/logs/placement/9-detailed.log)...
[STEP 10]
[INFO]: Running Clock Tree Synthesis (log: ../home/tonyho/workspace/debug/1003_merge_verify_rtl_hls05_repo_3/caravel_user_project/openlane/user_proj_example/runs/23_10_05_14_10/logs/cts/10-cts.log)...
[STEP 11]
[INFO]: Running Placement Resizer Timing Optimizations (log: ../home/tonyho/workspace/debug/1003_merge_verify_rtl_hls05_repo_3/caravel_user_project/openlane/user_proj_example/runs/23_10_05_14_10/logs/cts/11-resizer.log)...
[STEP 12]
[INFO]: Running Global Routing Resizer Timing Optimizations (log: ../home/tonyho/workspace/debug/1003_merge_verify_rtl_hls05_repo_3/caravel_user_project/openlane/user_proj_example/runs/23_10_05_14_10/logs/routing/12-resizer.log)...
[STEP 13]
[INFO]: Running Diode Insertion (log: ../home/tonyho/workspace/debug/1003_merge_verify_rtl_hls05_repo_3/caravel_user_project/openlane/user_proj_example/runs/23_10_05_14_10/logs/routing/13-diodes.log)...
[STEP 14]
[INFO]: Running Detailed Placement (log: ../home/tonyho/workspace/debug/1003_merge_verify_rtl_hls05_repo_3/caravel_user_project/openlane/user_proj_example/runs/23_10_05_14_10/logs/routing/14-diode_legalization.log)...
[STEP 15]
[INFO]: Running Fill Insertion (log: ../home/tonyho/workspace/debug/1003_merge_verify_rtl_hls05_repo_3/caravel_user_project/openlane/user_proj_example/runs/23_10_05_14_10/logs/routing/15-fill.log)...
[STEP 16]
[INFO]: Running Global Routing (log: ../home/tonyho/workspace/debug/1003_merge_verify_rtl_hls05_repo_3/caravel_user_project/openlane/user_proj_example/runs/23_10_05_14_10/logs/routing/16-global.log)...
[STEP 17]
[INFO]: Writing Verilog (log: ../home/tonyho/workspace/debug/1003_merge_verify_rtl_hls05_repo_3/caravel_user_project/openlane/user_proj_example/runs/23_10_05_14_10/logs/routing/16-global_write_netlist.log)...
[STEP 18]
[INFO]: Running Detailed Routing (log: ../home/tonyho/workspace/debug/1003_merge_verify_rtl_hls05_repo_3/caravel_user_project/openlane/user_proj_example/runs/23_10_05_14_10/logs/routing/18-detailed.log)...
[INFO]: No DRC violations after detailed routing.
[STEP 19]
[INFO]: Checking Wire Lengths (log: ../home/tonyho/workspace/debug/1003_merge_verify_rtl_hls05_repo_3/caravel_user_project/openlane/user_proj_example/runs/23_10_05_14_10/logs/routing/19-wire_lengths.log)...
[STEP 20]
[INFO]: Running SPEF Extraction at the min process corner (log: ../home/tonyho/workspace/debug/1003_merge_verify_rtl_hls05_repo_3/caravel_user_project/openlane/user_proj_example/runs/23_10_05_14_10/logs/signoff/20-parasitics_extraction.min.log)...
[STEP 21]
[INFO]: Running Multi-Corner Static Timing Analysis at the min process corner (log: ../home/tonyho/workspace/debug/1003_merge_verify_rtl_hls05_repo_3/caravel_user_project/openlane/user_proj_example/runs/23_10_05_14_10/logs/signoff/21-rcx_mcsta.min.log)...
[STEP 22]
[INFO]: Running SPEF Extraction at the max process corner (log: ../home/tonyho/workspace/debug/1003_merge_verify_rtl_hls05_repo_3/caravel_user_project/openlane/user_proj_example/runs/23_10_05_14_10/logs/signoff/22-parasitics_extraction.max.log)...
[STEP 23]
[INFO]: Running Multi-Corner Static Timing Analysis at the max process corner (log: ../home/tonyho/workspace/debug/1003_merge_verify_rtl_hls05_repo_3/caravel_user_project/openlane/user_proj_example/runs/23_10_05_14_10/logs/signoff/23-rcx_mcsta.max.log)...
[STEP 24]
[INFO]: Running SPEF Extraction at the nom process corner (log: ../home/tonyho/workspace/debug/1003_merge_verify_rtl_hls05_repo_3/caravel_user_project/openlane/user_proj_example/runs/23_10_05_14_10/logs/signoff/24-parasitics_extraction.nom.log)...
[STEP 25]
[INFO]: Running Multi-Corner Static Timing Analysis at the nom process corner (log: ../home/tonyho/workspace/debug/1003_merge_verify_rtl_hls05_repo_3/caravel_user_project/openlane/user_proj_example/runs/23_10_05_14_10/logs/signoff/25-rcx_mcsta.nom.log)...
[STEP 26]
[INFO]: Running Single-Corner Static Timing Analysis at the nom process corner (log: ../home/tonyho/workspace/debug/1003_merge_verify_rtl_hls05_repo_3/caravel_user_project/openlane/user_proj_example/runs/23_10_05_14_10/logs/signoff/26-rcx_sta.log)...
[STEP 27]
[INFO]: Creating IR Drop Report (log: ../home/tonyho/workspace/debug/1003_merge_verify_rtl_hls05_repo_3/caravel_user_project/openlane/user_proj_example/runs/23_10_05_14_10/logs/signoff/27-irdrop.log)...
[STEP 28]
[INFO]: Running Magic to generate various views...
[INFO]: Streaming out GDSII with Magic (log: ../home/tonyho/workspace/debug/1003_merge_verify_rtl_hls05_repo_3/caravel_user_project/openlane/user_proj_example/runs/23_10_05_14_10/logs/signoff/28-gdsii.log)...
[INFO]: Generating MAGLEF views...
[STEP 29]
[INFO]: Streaming out GDSII with KLayout (log: ../home/tonyho/workspace/debug/1003_merge_verify_rtl_hls05_repo_3/caravel_user_project/openlane/user_proj_example/runs/23_10_05_14_10/logs/signoff/29-gdsii-klayout.log)...
[STEP 30]
[INFO]: Running XOR on the layouts using KLayout (log: ../home/tonyho/workspace/debug/1003_merge_verify_rtl_hls05_repo_3/caravel_user_project/openlane/user_proj_example/runs/23_10_05_14_10/logs/signoff/30-xor.log)...
[STEP 31]
[INFO]: Running Magic Spice Export from LEF (log: ../home/tonyho/workspace/debug/1003_merge_verify_rtl_hls05_repo_3/caravel_user_project/openlane/user_proj_example/runs/23_10_05_14_10/logs/signoff/31-spice.log)...
[STEP 32]
[INFO]: Writing Powered Verilog (logs: ../home/tonyho/workspace/debug/1003_merge_verify_rtl_hls05_repo_3/caravel_user_project/openlane/user_proj_example/runs/23_10_05_14_10/logs/signoff/32-write_powered_def.log, ../home/tonyho/workspace/debug/1003_merge_verify_rtl_hls05_repo_3/caravel_user_project/openlane/user_proj_example/runs/23_10_05_14_10/logs/signoff/32-write_powered_verilog.log)...
[STEP 33]
[INFO]: Writing Verilog (log: ../home/tonyho/workspace/debug/1003_merge_verify_rtl_hls05_repo_3/caravel_user_project/openlane/user_proj_example/runs/23_10_05_14_10/logs/signoff/32-write_powered_verilog.log)...
[STEP 34]
[INFO]: Running LVS (log: ../home/tonyho/workspace/debug/1003_merge_verify_rtl_hls05_repo_3/caravel_user_project/openlane/user_proj_example/runs/23_10_05_14_10/logs/signoff/34-lvs.lef.log)...
[STEP 35]
[INFO]: Running Magic DRC (log: ../home/tonyho/workspace/debug/1003_merge_verify_rtl_hls05_repo_3/caravel_user_project/openlane/user_proj_example/runs/23_10_05_14_10/logs/signoff/35-drc.log)...
[INFO]: Converting Magic DRC database to various tool-readable formats...
[INFO]: No DRC violations after GDS streaming out.
[STEP 36]
[INFO]: Running OpenROAD Antenna Rule Checker (log: ../home/tonyho/workspace/debug/1003_merge_verify_rtl_hls05_repo_3/caravel_user_project/openlane/user_proj_example/runs/23_10_05_14_10/logs/signoff/36-antenna.log)...
[INFO]: Saving current set of views in '../home/tonyho/workspace/debug/1003_merge_verify_rtl_hls05_repo_3/caravel_user_project/openlane/user_proj_example/runs/23_10_05_14_10/results/final'...
[INFO]: Saving current set of views in '../home/tonyho/workspace/debug/1003_merge_verify_rtl_hls05_repo_3/caravel_user_project'...
[INFO]: Saving runtime environment...
[INFO]: Generating final set of reports...
[INFO]: Created manufacturability report at '../home/tonyho/workspace/debug/1003_merge_verify_rtl_hls05_repo_3/caravel_user_project/openlane/user_proj_example/runs/23_10_05_14_10/reports/manufacturability.rpt'.
[INFO]: Created metrics report at '../home/tonyho/workspace/debug/1003_merge_verify_rtl_hls05_repo_3/caravel_user_project/openlane/user_proj_example/runs/23_10_05_14_10/reports/metrics.csv'.
[WARNING]: There are max fanout violations in the design at the typical corner. Please refer to '../home/tonyho/workspace/debug/1003_merge_verify_rtl_hls05_repo_3/caravel_user_project/openlane/user_proj_example/runs/23_10_05_14_10/reports/signoff/26-rcx_sta.slew.rpt'.
[ERROR]: There are hold violations in the design at the typical corner. Please refer to '../home/tonyho/workspace/debug/1003_merge_verify_rtl_hls05_repo_3/caravel_user_project/openlane/user_proj_example/runs/23_10_05_14_10/reports/signoff/26-rcx_sta.min.rpt'.
[INFO]: Saving current set of views in '../home/tonyho/workspace/debug/1003_merge_verify_rtl_hls05_repo_3/caravel_user_project/openlane/user_proj_example/runs/23_10_05_14_10/results/final'...
[INFO]: Generating final set of reports...
[INFO]: Created manufacturability report at '../home/tonyho/workspace/debug/1003_merge_verify_rtl_hls05_repo_3/caravel_user_project/openlane/user_proj_example/runs/23_10_05_14_10/reports/manufacturability.rpt'.
[INFO]: Created metrics report at '../home/tonyho/workspace/debug/1003_merge_verify_rtl_hls05_repo_3/caravel_user_project/openlane/user_proj_example/runs/23_10_05_14_10/reports/metrics.csv'.
[INFO]: Saving runtime environment...
[ERROR]: Flow failed.
[INFO]: The failure may have been because of the following warnings:
[WARNING]: There are max fanout violations in the design at the typical corner. Please refer to '../home/tonyho/workspace/debug/1003_merge_verify_rtl_hls05_repo_3/caravel_user_project/openlane/user_proj_example/runs/23_10_05_14_10/reports/signoff/26-rcx_sta.slew.rpt'.

Reaping losing child 0x5603d5a23610 PID 2054179 
make[1]: *** [Makefile:73: user_proj_example] Error 255
Removing child 0x5603d5a23610 PID 2054179 from chain.
make[1]: Leaving directory '/home/tonyho/workspace/debug/1003_merge_verify_rtl_hls05_repo_3/caravel_user_project/openlane'
Reaping losing child 0x560643866aa0 PID 2054162 
make: *** [Makefile:107: user_proj_example] Error 2
Removing child 0x560643866aa0 PID 2054162 from chain.
+ exit 1
